john@ubuntu:~/Documents/GitHub/ESPE-DMT/FlaskApp$ python -v

Command 'python' not found, but can be installed with:

sudo apt install python3       
sudo apt install python        
sudo apt install python-minimal

You also have python3 installed, you can run 'python3' instead.

john@ubuntu:~/Documents/GitHub/ESPE-DMT/FlaskApp$ python3 -v
import _frozen_importlib # frozen
import _imp # builtin
import sys # builtin
import '_warnings' # <class '_frozen_importlib.BuiltinImporter'>
import '_thread' # <class '_frozen_importlib.BuiltinImporter'>
import '_weakref' # <class '_frozen_importlib.BuiltinImporter'>
import '_frozen_importlib_external' # <class '_frozen_importlib.FrozenImporter'>
import '_io' # <class '_frozen_importlib.BuiltinImporter'>
import 'marshal' # <class '_frozen_importlib.BuiltinImporter'>
import 'posix' # <class '_frozen_importlib.BuiltinImporter'>
import _thread # previously loaded ('_thread')
import '_thread' # <class '_frozen_importlib.BuiltinImporter'>
import _weakref # previously loaded ('_weakref')
import '_weakref' # <class '_frozen_importlib.BuiltinImporter'>
# installing zipimport hook
import 'zipimport' # <class '_frozen_importlib.BuiltinImporter'>
# installed zipimport hook
# /usr/lib/python3.6/encodings/__pycache__/__init__.cpython-36.pyc matches /usr/lib/python3.6/encodings/__init__.py
# code object from '/usr/lib/python3.6/encodings/__pycache__/__init__.cpython-36.pyc'
# /usr/lib/python3.6/__pycache__/codecs.cpython-36.pyc matches /usr/lib/python3.6/codecs.py
# code object from '/usr/lib/python3.6/__pycache__/codecs.cpython-36.pyc'
import '_codecs' # <class '_frozen_importlib.BuiltinImporter'>
import 'codecs' # <_frozen_importlib_external.SourceFileLoader object at 0x7f79e0bca550>
# /usr/lib/python3.6/encodings/__pycache__/aliases.cpython-36.pyc matches /usr/lib/python3.6/encodings/aliases.py
# code object from '/usr/lib/python3.6/encodings/__pycache__/aliases.cpython-36.pyc'
import 'encodings.aliases' # <_frozen_importlib_external.SourceFileLoader object at 0x7f79e0bdcef0>
import 'encodings' # <_frozen_importlib_external.SourceFileLoader object at 0x7f79e0bca0b8>
# /usr/lib/python3.6/encodings/__pycache__/utf_8.cpython-36.pyc matches /usr/lib/python3.6/encodings/utf_8.py
# code object from '/usr/lib/python3.6/encodings/__pycache__/utf_8.cpython-36.pyc'
import 'encodings.utf_8' # <_frozen_importlib_external.SourceFileLoader object at 0x7f79e0beacf8>
import '_signal' # <class '_frozen_importlib.BuiltinImporter'>
# /usr/lib/python3.6/encodings/__pycache__/latin_1.cpython-36.pyc matches /usr/lib/python3.6/encodings/latin_1.py
# code object from '/usr/lib/python3.6/encodings/__pycache__/latin_1.cpython-36.pyc'
import 'encodings.latin_1' # <_frozen_importlib_external.SourceFileLoader object at 0x7f79e0bf2828>
# /usr/lib/python3.6/__pycache__/io.cpython-36.pyc matches /usr/lib/python3.6/io.py
# code object from '/usr/lib/python3.6/__pycache__/io.cpython-36.pyc'
# /usr/lib/python3.6/__pycache__/abc.cpython-36.pyc matches /usr/lib/python3.6/abc.py
# code object from '/usr/lib/python3.6/__pycache__/abc.cpython-36.pyc'
# /usr/lib/python3.6/__pycache__/_weakrefset.cpython-36.pyc matches /usr/lib/python3.6/_weakrefset.py
# code object from '/usr/lib/python3.6/__pycache__/_weakrefset.cpython-36.pyc'
import '_weakrefset' # <_frozen_importlib_external.SourceFileLoader object at 0x7f79e0bf67b8>
import 'abc' # <_frozen_importlib_external.SourceFileLoader object at 0x7f79e0bf2e10>
import 'io' # <_frozen_importlib_external.SourceFileLoader object at 0x7f79e0bf2a58>
# /usr/lib/python3.6/__pycache__/site.cpython-36.pyc matches /usr/lib/python3.6/site.py
# code object from '/usr/lib/python3.6/__pycache__/site.cpython-36.pyc'
# /usr/lib/python3.6/__pycache__/os.cpython-36.pyc matches /usr/lib/python3.6/os.py
# code object from '/usr/lib/python3.6/__pycache__/os.cpython-36.pyc'
import 'errno' # <class '_frozen_importlib.BuiltinImporter'>
# /usr/lib/python3.6/__pycache__/stat.cpython-36.pyc matches /usr/lib/python3.6/stat.py
# code object from '/usr/lib/python3.6/__pycache__/stat.cpython-36.pyc'
import '_stat' # <class '_frozen_importlib.BuiltinImporter'>
import 'stat' # <_frozen_importlib_external.SourceFileLoader object at 0x7f79e0b98b70>
# /usr/lib/python3.6/__pycache__/posixpath.cpython-36.pyc matches /usr/lib/python3.6/posixpath.py
# code object from '/usr/lib/python3.6/__pycache__/posixpath.cpython-36.pyc'
# /usr/lib/python3.6/__pycache__/genericpath.cpython-36.pyc matches /usr/lib/python3.6/genericpath.py
# code object from '/usr/lib/python3.6/__pycache__/genericpath.cpython-36.pyc'
import 'genericpath' # <_frozen_importlib_external.SourceFileLoader object at 0x7f79e0ba3588>
import 'posixpath' # <_frozen_importlib_external.SourceFileLoader object at 0x7f79e0b9e278>
# /usr/lib/python3.6/__pycache__/_collections_abc.cpython-36.pyc matches /usr/lib/python3.6/_collections_abc.py
# code object from '/usr/lib/python3.6/__pycache__/_collections_abc.cpython-36.pyc'
import '_collections_abc' # <_frozen_importlib_external.SourceFileLoader object at 0x7f79e0ba3be0>
import 'os' # <_frozen_importlib_external.SourceFileLoader object at 0x7f79e0b8c4a8>
# /usr/lib/python3.6/__pycache__/_sitebuiltins.cpython-36.pyc matches /usr/lib/python3.6/_sitebuiltins.py
# code object from '/usr/lib/python3.6/__pycache__/_sitebuiltins.cpython-36.pyc'
import '_sitebuiltins' # <_frozen_importlib_external.SourceFileLoader object at 0x7f79e0b8c898>
# /usr/lib/python3.6/__pycache__/sysconfig.cpython-36.pyc matches /usr/lib/python3.6/sysconfig.py
# code object from '/usr/lib/python3.6/__pycache__/sysconfig.cpython-36.pyc'
import 'sysconfig' # <_frozen_importlib_external.SourceFileLoader object at 0x7f79e0b45080>
# /usr/lib/python3.6/__pycache__/_sysconfigdata_m_linux_x86_64-linux-gnu.cpython-36.pyc matches /usr/lib/python3.6/_sysconfigdata_m_linux_x86_64-linux-gnu.py
# code object from '/usr/lib/python3.6/__pycache__/_sysconfigdata_m_linux_x86_64-linux-gnu.cpython-36.pyc'
import '_sysconfigdata_m_linux_x86_64-linux-gnu' # <_frozen_importlib_external.SourceFileLoader object at 0x7f79e0b4a908>
# /usr/lib/python3.6/__pycache__/_bootlocale.cpython-36.pyc matches /usr/lib/python3.6/_bootlocale.py
# code object from '/usr/lib/python3.6/__pycache__/_bootlocale.cpython-36.pyc'
import '_locale' # <class '_frozen_importlib.BuiltinImporter'>
import '_bootlocale' # <_frozen_importlib_external.SourceFileLoader object at 0x7f79e0b578d0>
# /usr/lib/python3.6/__pycache__/types.cpython-36.pyc matches /usr/lib/python3.6/types.py
# code object from '/usr/lib/python3.6/__pycache__/types.cpython-36.pyc'
# /usr/lib/python3.6/__pycache__/functools.cpython-36.pyc matches /usr/lib/python3.6/functools.py
# code object from '/usr/lib/python3.6/__pycache__/functools.cpython-36.pyc'
import '_functools' # <class '_frozen_importlib.BuiltinImporter'>
# /usr/lib/python3.6/collections/__pycache__/__init__.cpython-36.pyc matches /usr/lib/python3.6/collections/__init__.py
# code object from '/usr/lib/python3.6/collections/__pycache__/__init__.cpython-36.pyc'
# /usr/lib/python3.6/__pycache__/operator.cpython-36.pyc matches /usr/lib/python3.6/operator.py
# code object from '/usr/lib/python3.6/__pycache__/operator.cpython-36.pyc'
import '_operator' # <class '_frozen_importlib.BuiltinImporter'>
import 'operator' # <_frozen_importlib_external.SourceFileLoader object at 0x7f79e0b14748>
# /usr/lib/python3.6/__pycache__/keyword.cpython-36.pyc matches /usr/lib/python3.6/keyword.py
# code object from '/usr/lib/python3.6/__pycache__/keyword.cpython-36.pyc'
import 'keyword' # <_frozen_importlib_external.SourceFileLoader object at 0x7f79e0b1c9b0>
# /usr/lib/python3.6/__pycache__/heapq.cpython-36.pyc matches /usr/lib/python3.6/heapq.py
# code object from '/usr/lib/python3.6/__pycache__/heapq.cpython-36.pyc'
import '_heapq' # <class '_frozen_importlib.BuiltinImporter'>
import 'heapq' # <_frozen_importlib_external.SourceFileLoader object at 0x7f79e0b23208>
import 'itertools' # <class '_frozen_importlib.BuiltinImporter'>
# /usr/lib/python3.6/__pycache__/reprlib.cpython-36.pyc matches /usr/lib/python3.6/reprlib.py
# code object from '/usr/lib/python3.6/__pycache__/reprlib.cpython-36.pyc'
import 'reprlib' # <_frozen_importlib_external.SourceFileLoader object at 0x7f79e0b17eb8>
import '_collections' # <class '_frozen_importlib.BuiltinImporter'>
import 'collections' # <_frozen_importlib_external.SourceFileLoader object at 0x7f79e0aeee10>
# /usr/lib/python3.6/__pycache__/weakref.cpython-36.pyc matches /usr/lib/python3.6/weakref.py
# code object from '/usr/lib/python3.6/__pycache__/weakref.cpython-36.pyc'
import 'weakref' # <_frozen_importlib_external.SourceFileLoader object at 0x7f79e0af5240>
import 'functools' # <_frozen_importlib_external.SourceFileLoader object at 0x7f79e0b636a0>
# /usr/lib/python3.6/collections/__pycache__/abc.cpython-36.pyc matches /usr/lib/python3.6/collections/abc.py
# code object from '/usr/lib/python3.6/collections/__pycache__/abc.cpython-36.pyc'
import 'collections.abc' # <_frozen_importlib_external.SourceFileLoader object at 0x7f79e0ae8358>
import 'types' # <_frozen_importlib_external.SourceFileLoader object at 0x7f79e0b5e9e8>
# /usr/lib/python3.6/importlib/__pycache__/__init__.cpython-36.pyc matches /usr/lib/python3.6/importlib/__init__.py
# code object from '/usr/lib/python3.6/importlib/__pycache__/__init__.cpython-36.pyc'
# /usr/lib/python3.6/__pycache__/warnings.cpython-36.pyc matches /usr/lib/python3.6/warnings.py
# code object from '/usr/lib/python3.6/__pycache__/warnings.cpython-36.pyc'
import 'warnings' # <_frozen_importlib_external.SourceFileLoader object at 0x7f79e0ae8588>
import 'importlib' # <_frozen_importlib_external.SourceFileLoader object at 0x7f79e0b5ec18>
# /usr/lib/python3.6/importlib/__pycache__/util.cpython-36.pyc matches /usr/lib/python3.6/importlib/util.py
# code object from '/usr/lib/python3.6/importlib/__pycache__/util.cpython-36.pyc'
# /usr/lib/python3.6/importlib/__pycache__/abc.cpython-36.pyc matches /usr/lib/python3.6/importlib/abc.py
# code object from '/usr/lib/python3.6/importlib/__pycache__/abc.cpython-36.pyc'
# /usr/lib/python3.6/importlib/__pycache__/machinery.cpython-36.pyc matches /usr/lib/python3.6/importlib/machinery.py
# code object from '/usr/lib/python3.6/importlib/__pycache__/machinery.cpython-36.pyc'
import 'importlib.machinery' # <_frozen_importlib_external.SourceFileLoader object at 0x7f79df5c2b38>
import 'importlib.abc' # <_frozen_importlib_external.SourceFileLoader object at 0x7f79df5c2470>
# /usr/lib/python3.6/__pycache__/contextlib.cpython-36.pyc matches /usr/lib/python3.6/contextlib.py
# code object from '/usr/lib/python3.6/__pycache__/contextlib.cpython-36.pyc'
import 'contextlib' # <_frozen_importlib_external.SourceFileLoader object at 0x7f79df5d0588>
import 'importlib.util' # <_frozen_importlib_external.SourceFileLoader object at 0x7f79df5b4dd8>
# /usr/lib/python3.6/__pycache__/sitecustomize.cpython-36.pyc matches /usr/lib/python3.6/sitecustomize.py
# code object from '/usr/lib/python3.6/__pycache__/sitecustomize.cpython-36.pyc'
# /usr/lib/python3/dist-packages/__pycache__/apport_python_hook.cpython-36.pyc matches /usr/lib/python3/dist-packages/apport_python_hook.py
# code object from '/usr/lib/python3/dist-packages/__pycache__/apport_python_hook.cpython-36.pyc'
import 'apport_python_hook' # <_frozen_importlib_external.SourceFileLoader object at 0x7f79df565c18>
import 'sitecustomize' # <_frozen_importlib_external.SourceFileLoader object at 0x7f79e0b5e7f0>
import 'site' # <_frozen_importlib_external.SourceFileLoader object at 0x7f79e0c08128>
Python 3.6.9 (default, Nov 25 2022, 14:10:45) 
[GCC 8.4.0] on linux
Type "help", "copyright", "credits" or "license" for more information.
# extension module 'readline' loaded from '/usr/lib/python3.6/lib-dynload/readline.cpython-36m-x86_64-linux-gnu.so'
# extension module 'readline' executed from '/usr/lib/python3.6/lib-dynload/readline.cpython-36m-x86_64-linux-gnu.so'
import 'readline' # <_frozen_importlib_external.ExtensionFileLoader object at 0x7f79e0b5e8d0>
import 'atexit' # <class '_frozen_importlib.BuiltinImporter'>
# /usr/lib/python3.6/__pycache__/rlcompleter.cpython-36.pyc matches /usr/lib/python3.6/rlcompleter.py
# code object from '/usr/lib/python3.6/__pycache__/rlcompleter.cpython-36.pyc'
import 'rlcompleter' # <_frozen_importlib_external.SourceFileLoader object at 0x7f79df56c2b0>
>>> 
KeyboardInterrupt
>>> 
KeyboardInterrupt
>>> exit
Use exit() or Ctrl-D (i.e. EOF) to exit
>>> exit()
# clear builtins._
# clear sys.path
# clear sys.argv
# clear sys.ps1
# clear sys.ps2
# clear sys.last_type
# clear sys.last_value
# clear sys.last_traceback
# clear sys.path_hooks
# clear sys.path_importer_cache
# clear sys.meta_path
# clear sys.__interactivehook__
# clear sys.flags
# clear sys.float_info
# restore sys.stdin
# restore sys.stdout
# restore sys.stderr
# cleanup[2] removing builtins
# cleanup[2] removing sys
# cleanup[2] removing _frozen_importlib
# cleanup[2] removing _imp
# cleanup[2] removing _warnings
# cleanup[2] removing _thread
# cleanup[2] removing _weakref
# cleanup[2] removing _frozen_importlib_external
# cleanup[2] removing _io
# cleanup[2] removing marshal
# cleanup[2] removing posix
# cleanup[2] removing zipimport
# cleanup[2] removing encodings
# destroy encodings
# cleanup[2] removing codecs
# cleanup[2] removing _codecs
# cleanup[2] removing encodings.aliases
# cleanup[2] removing encodings.utf_8
# cleanup[2] removing _signal
# cleanup[2] removing __main__
# cleanup[2] removing encodings.latin_1
# cleanup[2] removing io
# destroy io
# cleanup[2] removing abc
# cleanup[2] removing _weakrefset
# destroy _weakrefset
# cleanup[2] removing site
# destroy site
# cleanup[2] removing os
# cleanup[2] removing errno
# cleanup[2] removing stat
# cleanup[2] removing _stat
# cleanup[2] removing posixpath
# cleanup[2] removing genericpath
# cleanup[2] removing os.path
# cleanup[2] removing _collections_abc
# cleanup[2] removing _sitebuiltins
# cleanup[2] removing sysconfig
# destroy sysconfig
# cleanup[2] removing _sysconfigdata_m_linux_x86_64-linux-gnu
# destroy _sysconfigdata_m_linux_x86_64-linux-gnu
# cleanup[2] removing _bootlocale
# destroy _bootlocale
# cleanup[2] removing _locale
# cleanup[2] removing types
# cleanup[2] removing functools
# cleanup[2] removing _functools
# cleanup[2] removing collections
# cleanup[2] removing operator
# destroy operator
# cleanup[2] removing _operator
# cleanup[2] removing keyword
# destroy keyword
# cleanup[2] removing heapq
# cleanup[2] removing _heapq
# cleanup[2] removing itertools
# cleanup[2] removing reprlib
# destroy reprlib
# cleanup[2] removing _collections
# cleanup[2] removing weakref
# destroy weakref
# cleanup[2] removing collections.abc
# cleanup[2] removing importlib
# destroy importlib
# cleanup[2] removing importlib._bootstrap
# cleanup[2] removing importlib._bootstrap_external
# cleanup[2] removing warnings
# cleanup[2] removing importlib.util
# cleanup[2] removing importlib.abc
# cleanup[2] removing importlib.machinery
# cleanup[2] removing contextlib
# destroy contextlib
# cleanup[2] removing zope
# destroy zope
# cleanup[2] removing sitecustomize
# destroy sitecustomize
# cleanup[2] removing apport_python_hook
# destroy apport_python_hook
# cleanup[2] removing readline
# cleanup[2] removing atexit
# cleanup[2] removing rlcompleter
# destroy rlcompleter
# destroy zipimport
# destroy _signal
# destroy _sitebuiltins
# destroy _locale
# destroy _functools
# destroy heapq
# destroy collections.abc
# destroy atexit
# destroy __main__
# destroy readline
# destroy _operator
# destroy _heapq
# destroy _collections
# destroy collections
# destroy itertools
# destroy importlib.util
# destroy importlib.abc
# destroy functools
# destroy types
# destroy warnings
# destroy importlib.machinery
# destroy _collections_abc
# cleanup[3] wiping _frozen_importlib
# destroy _frozen_importlib_external
# cleanup[3] wiping _imp
# cleanup[3] wiping _warnings
# cleanup[3] wiping _thread
# cleanup[3] wiping _weakref
# cleanup[3] wiping _io
# cleanup[3] wiping marshal
# cleanup[3] wiping posix
# cleanup[3] wiping codecs
# cleanup[3] wiping _codecs
# cleanup[3] wiping encodings.aliases
# cleanup[3] wiping encodings.utf_8
# cleanup[3] wiping encodings.latin_1
# cleanup[3] wiping abc
# cleanup[3] wiping os
# destroy abc
# destroy errno
# destroy posixpath
# cleanup[3] wiping stat
# cleanup[3] wiping _stat
# destroy _stat
# cleanup[3] wiping genericpath
# cleanup[3] wiping importlib._bootstrap
# cleanup[3] wiping sys
# cleanup[3] wiping builtins
# destroy os
# destroy stat
# destroy genericpath
john@ubuntu:~/Documents/GitHub/ESPE-DMT/FlaskApp$ python3 --v
Unknown option: --
usage: python3 [option] ... [-c cmd | -m mod | file | -] [arg] ...
Try `python -h' for more information.
john@ubuntu:~/Documents/GitHub/ESPE-DMT/FlaskApp$ python3 -version
Unknown option: -e
usage: python3 [option] ... [-c cmd | -m mod | file | -] [arg] ...
Try `python -h' for more information.
john@ubuntu:~/Documents/GitHub/ESPE-DMT/FlaskApp$ python3 -v
import _frozen_importlib # frozen
import _imp # builtin
import sys # builtin
import '_warnings' # <class '_frozen_importlib.BuiltinImporter'>
import '_thread' # <class '_frozen_importlib.BuiltinImporter'>
import '_weakref' # <class '_frozen_importlib.BuiltinImporter'>
import '_frozen_importlib_external' # <class '_frozen_importlib.FrozenImporter'>
import '_io' # <class '_frozen_importlib.BuiltinImporter'>
import 'marshal' # <class '_frozen_importlib.BuiltinImporter'>
import 'posix' # <class '_frozen_importlib.BuiltinImporter'>
import _thread # previously loaded ('_thread')
import '_thread' # <class '_frozen_importlib.BuiltinImporter'>
import _weakref # previously loaded ('_weakref')
import '_weakref' # <class '_frozen_importlib.BuiltinImporter'>
# installing zipimport hook
import 'zipimport' # <class '_frozen_importlib.BuiltinImporter'>
# installed zipimport hook
# /usr/lib/python3.6/encodings/__pycache__/__init__.cpython-36.pyc matches /usr/lib/python3.6/encodings/__init__.py
# code object from '/usr/lib/python3.6/encodings/__pycache__/__init__.cpython-36.pyc'
# /usr/lib/python3.6/__pycache__/codecs.cpython-36.pyc matches /usr/lib/python3.6/codecs.py
# code object from '/usr/lib/python3.6/__pycache__/codecs.cpython-36.pyc'
import '_codecs' # <class '_frozen_importlib.BuiltinImporter'>
import 'codecs' # <_frozen_importlib_external.SourceFileLoader object at 0x7f0dda09a550>
# /usr/lib/python3.6/encodings/__pycache__/aliases.cpython-36.pyc matches /usr/lib/python3.6/encodings/aliases.py
# code object from '/usr/lib/python3.6/encodings/__pycache__/aliases.cpython-36.pyc'
import 'encodings.aliases' # <_frozen_importlib_external.SourceFileLoader object at 0x7f0dda0acef0>
import 'encodings' # <_frozen_importlib_external.SourceFileLoader object at 0x7f0dda09a0b8>
# /usr/lib/python3.6/encodings/__pycache__/utf_8.cpython-36.pyc matches /usr/lib/python3.6/encodings/utf_8.py
# code object from '/usr/lib/python3.6/encodings/__pycache__/utf_8.cpython-36.pyc'
import 'encodings.utf_8' # <_frozen_importlib_external.SourceFileLoader object at 0x7f0dda0bacf8>
import '_signal' # <class '_frozen_importlib.BuiltinImporter'>
# /usr/lib/python3.6/encodings/__pycache__/latin_1.cpython-36.pyc matches /usr/lib/python3.6/encodings/latin_1.py
# code object from '/usr/lib/python3.6/encodings/__pycache__/latin_1.cpython-36.pyc'
import 'encodings.latin_1' # <_frozen_importlib_external.SourceFileLoader object at 0x7f0dda0c2828>
# /usr/lib/python3.6/__pycache__/io.cpython-36.pyc matches /usr/lib/python3.6/io.py
# code object from '/usr/lib/python3.6/__pycache__/io.cpython-36.pyc'
# /usr/lib/python3.6/__pycache__/abc.cpython-36.pyc matches /usr/lib/python3.6/abc.py
# code object from '/usr/lib/python3.6/__pycache__/abc.cpython-36.pyc'
# /usr/lib/python3.6/__pycache__/_weakrefset.cpython-36.pyc matches /usr/lib/python3.6/_weakrefset.py
# code object from '/usr/lib/python3.6/__pycache__/_weakrefset.cpython-36.pyc'
import '_weakrefset' # <_frozen_importlib_external.SourceFileLoader object at 0x7f0dda0c67b8>
import 'abc' # <_frozen_importlib_external.SourceFileLoader object at 0x7f0dda0c2e10>
import 'io' # <_frozen_importlib_external.SourceFileLoader object at 0x7f0dda0c2a58>
# /usr/lib/python3.6/__pycache__/site.cpython-36.pyc matches /usr/lib/python3.6/site.py
# code object from '/usr/lib/python3.6/__pycache__/site.cpython-36.pyc'
# /usr/lib/python3.6/__pycache__/os.cpython-36.pyc matches /usr/lib/python3.6/os.py
# code object from '/usr/lib/python3.6/__pycache__/os.cpython-36.pyc'
import 'errno' # <class '_frozen_importlib.BuiltinImporter'>
# /usr/lib/python3.6/__pycache__/stat.cpython-36.pyc matches /usr/lib/python3.6/stat.py
# code object from '/usr/lib/python3.6/__pycache__/stat.cpython-36.pyc'
import '_stat' # <class '_frozen_importlib.BuiltinImporter'>
import 'stat' # <_frozen_importlib_external.SourceFileLoader object at 0x7f0dda068b70>
# /usr/lib/python3.6/__pycache__/posixpath.cpython-36.pyc matches /usr/lib/python3.6/posixpath.py
# code object from '/usr/lib/python3.6/__pycache__/posixpath.cpython-36.pyc'
# /usr/lib/python3.6/__pycache__/genericpath.cpython-36.pyc matches /usr/lib/python3.6/genericpath.py
# code object from '/usr/lib/python3.6/__pycache__/genericpath.cpython-36.pyc'
import 'genericpath' # <_frozen_importlib_external.SourceFileLoader object at 0x7f0dda073588>
import 'posixpath' # <_frozen_importlib_external.SourceFileLoader object at 0x7f0dda06e278>
# /usr/lib/python3.6/__pycache__/_collections_abc.cpython-36.pyc matches /usr/lib/python3.6/_collections_abc.py
# code object from '/usr/lib/python3.6/__pycache__/_collections_abc.cpython-36.pyc'
import '_collections_abc' # <_frozen_importlib_external.SourceFileLoader object at 0x7f0dda073be0>
import 'os' # <_frozen_importlib_external.SourceFileLoader object at 0x7f0dda05c4a8>
# /usr/lib/python3.6/__pycache__/_sitebuiltins.cpython-36.pyc matches /usr/lib/python3.6/_sitebuiltins.py
# code object from '/usr/lib/python3.6/__pycache__/_sitebuiltins.cpython-36.pyc'
import '_sitebuiltins' # <_frozen_importlib_external.SourceFileLoader object at 0x7f0dda05c898>
# /usr/lib/python3.6/__pycache__/sysconfig.cpython-36.pyc matches /usr/lib/python3.6/sysconfig.py
# code object from '/usr/lib/python3.6/__pycache__/sysconfig.cpython-36.pyc'
import 'sysconfig' # <_frozen_importlib_external.SourceFileLoader object at 0x7f0dda015080>
# /usr/lib/python3.6/__pycache__/_sysconfigdata_m_linux_x86_64-linux-gnu.cpython-36.pyc matches /usr/lib/python3.6/_sysconfigdata_m_linux_x86_64-linux-gnu.py
# code object from '/usr/lib/python3.6/__pycache__/_sysconfigdata_m_linux_x86_64-linux-gnu.cpython-36.pyc'
import '_sysconfigdata_m_linux_x86_64-linux-gnu' # <_frozen_importlib_external.SourceFileLoader object at 0x7f0dda01a908>
# /usr/lib/python3.6/__pycache__/_bootlocale.cpython-36.pyc matches /usr/lib/python3.6/_bootlocale.py
# code object from '/usr/lib/python3.6/__pycache__/_bootlocale.cpython-36.pyc'
import '_locale' # <class '_frozen_importlib.BuiltinImporter'>
import '_bootlocale' # <_frozen_importlib_external.SourceFileLoader object at 0x7f0dda0278d0>
# /usr/lib/python3.6/__pycache__/types.cpython-36.pyc matches /usr/lib/python3.6/types.py
# code object from '/usr/lib/python3.6/__pycache__/types.cpython-36.pyc'
# /usr/lib/python3.6/__pycache__/functools.cpython-36.pyc matches /usr/lib/python3.6/functools.py
# code object from '/usr/lib/python3.6/__pycache__/functools.cpython-36.pyc'
import '_functools' # <class '_frozen_importlib.BuiltinImporter'>
# /usr/lib/python3.6/collections/__pycache__/__init__.cpython-36.pyc matches /usr/lib/python3.6/collections/__init__.py
# code object from '/usr/lib/python3.6/collections/__pycache__/__init__.cpython-36.pyc'
# /usr/lib/python3.6/__pycache__/operator.cpython-36.pyc matches /usr/lib/python3.6/operator.py
# code object from '/usr/lib/python3.6/__pycache__/operator.cpython-36.pyc'
import '_operator' # <class '_frozen_importlib.BuiltinImporter'>
import 'operator' # <_frozen_importlib_external.SourceFileLoader object at 0x7f0dd9fe4748>
# /usr/lib/python3.6/__pycache__/keyword.cpython-36.pyc matches /usr/lib/python3.6/keyword.py
# code object from '/usr/lib/python3.6/__pycache__/keyword.cpython-36.pyc'
import 'keyword' # <_frozen_importlib_external.SourceFileLoader object at 0x7f0dd9fec9b0>
# /usr/lib/python3.6/__pycache__/heapq.cpython-36.pyc matches /usr/lib/python3.6/heapq.py
# code object from '/usr/lib/python3.6/__pycache__/heapq.cpython-36.pyc'
import '_heapq' # <class '_frozen_importlib.BuiltinImporter'>
import 'heapq' # <_frozen_importlib_external.SourceFileLoader object at 0x7f0dd9ff3208>
import 'itertools' # <class '_frozen_importlib.BuiltinImporter'>
# /usr/lib/python3.6/__pycache__/reprlib.cpython-36.pyc matches /usr/lib/python3.6/reprlib.py
# code object from '/usr/lib/python3.6/__pycache__/reprlib.cpython-36.pyc'
import 'reprlib' # <_frozen_importlib_external.SourceFileLoader object at 0x7f0dd9fe7eb8>
import '_collections' # <class '_frozen_importlib.BuiltinImporter'>
import 'collections' # <_frozen_importlib_external.SourceFileLoader object at 0x7f0dd9fbee10>
# /usr/lib/python3.6/__pycache__/weakref.cpython-36.pyc matches /usr/lib/python3.6/weakref.py
# code object from '/usr/lib/python3.6/__pycache__/weakref.cpython-36.pyc'
import 'weakref' # <_frozen_importlib_external.SourceFileLoader object at 0x7f0dd9fc6240>
import 'functools' # <_frozen_importlib_external.SourceFileLoader object at 0x7f0dda0336a0>
# /usr/lib/python3.6/collections/__pycache__/abc.cpython-36.pyc matches /usr/lib/python3.6/collections/abc.py
# code object from '/usr/lib/python3.6/collections/__pycache__/abc.cpython-36.pyc'
import 'collections.abc' # <_frozen_importlib_external.SourceFileLoader object at 0x7f0dd9fb8358>
import 'types' # <_frozen_importlib_external.SourceFileLoader object at 0x7f0dda02e9e8>
# /usr/lib/python3.6/importlib/__pycache__/__init__.cpython-36.pyc matches /usr/lib/python3.6/importlib/__init__.py
# code object from '/usr/lib/python3.6/importlib/__pycache__/__init__.cpython-36.pyc'
# /usr/lib/python3.6/__pycache__/warnings.cpython-36.pyc matches /usr/lib/python3.6/warnings.py
# code object from '/usr/lib/python3.6/__pycache__/warnings.cpython-36.pyc'
import 'warnings' # <_frozen_importlib_external.SourceFileLoader object at 0x7f0dd9fb8630>
import 'importlib' # <_frozen_importlib_external.SourceFileLoader object at 0x7f0dda02eb00>
# /usr/lib/python3.6/importlib/__pycache__/util.cpython-36.pyc matches /usr/lib/python3.6/importlib/util.py
# code object from '/usr/lib/python3.6/importlib/__pycache__/util.cpython-36.pyc'
# /usr/lib/python3.6/importlib/__pycache__/abc.cpython-36.pyc matches /usr/lib/python3.6/importlib/abc.py
# code object from '/usr/lib/python3.6/importlib/__pycache__/abc.cpython-36.pyc'
# /usr/lib/python3.6/importlib/__pycache__/machinery.cpython-36.pyc matches /usr/lib/python3.6/importlib/machinery.py
# code object from '/usr/lib/python3.6/importlib/__pycache__/machinery.cpython-36.pyc'
import 'importlib.machinery' # <_frozen_importlib_external.SourceFileLoader object at 0x7f0dd8a92b70>
import 'importlib.abc' # <_frozen_importlib_external.SourceFileLoader object at 0x7f0dd8a924a8>
# /usr/lib/python3.6/__pycache__/contextlib.cpython-36.pyc matches /usr/lib/python3.6/contextlib.py
# code object from '/usr/lib/python3.6/__pycache__/contextlib.cpython-36.pyc'
import 'contextlib' # <_frozen_importlib_external.SourceFileLoader object at 0x7f0dd8aa05c0>
import 'importlib.util' # <_frozen_importlib_external.SourceFileLoader object at 0x7f0dd8a84e10>
# /usr/lib/python3.6/__pycache__/sitecustomize.cpython-36.pyc matches /usr/lib/python3.6/sitecustomize.py
# code object from '/usr/lib/python3.6/__pycache__/sitecustomize.cpython-36.pyc'
# /usr/lib/python3/dist-packages/__pycache__/apport_python_hook.cpython-36.pyc matches /usr/lib/python3/dist-packages/apport_python_hook.py
# code object from '/usr/lib/python3/dist-packages/__pycache__/apport_python_hook.cpython-36.pyc'
import 'apport_python_hook' # <_frozen_importlib_external.SourceFileLoader object at 0x7f0dd8a35c50>
import 'sitecustomize' # <_frozen_importlib_external.SourceFileLoader object at 0x7f0dda02e7f0>
import 'site' # <_frozen_importlib_external.SourceFileLoader object at 0x7f0dda0d8128>
Python 3.6.9 (default, Nov 25 2022, 14:10:45) 
[GCC 8.4.0] on linux
Type "help", "copyright", "credits" or "license" for more information.
# extension module 'readline' loaded from '/usr/lib/python3.6/lib-dynload/readline.cpython-36m-x86_64-linux-gnu.so'
# extension module 'readline' executed from '/usr/lib/python3.6/lib-dynload/readline.cpython-36m-x86_64-linux-gnu.so'
import 'readline' # <_frozen_importlib_external.ExtensionFileLoader object at 0x7f0dda02e8d0>
import 'atexit' # <class '_frozen_importlib.BuiltinImporter'>
# /usr/lib/python3.6/__pycache__/rlcompleter.cpython-36.pyc matches /usr/lib/python3.6/rlcompleter.py
# code object from '/usr/lib/python3.6/__pycache__/rlcompleter.cpython-36.pyc'
import 'rlcompleter' # <_frozen_importlib_external.SourceFileLoader object at 0x7f0dd8a3c2e8>
>>> exit()
# clear builtins._
# clear sys.path
# clear sys.argv
# clear sys.ps1
# clear sys.ps2
# clear sys.last_type
# clear sys.last_value
# clear sys.last_traceback
# clear sys.path_hooks
# clear sys.path_importer_cache
# clear sys.meta_path
# clear sys.__interactivehook__
# clear sys.flags
# clear sys.float_info
# restore sys.stdin
# restore sys.stdout
# restore sys.stderr
# cleanup[2] removing builtins
# cleanup[2] removing sys
# cleanup[2] removing _frozen_importlib
# cleanup[2] removing _imp
# cleanup[2] removing _warnings
# cleanup[2] removing _thread
# cleanup[2] removing _weakref
# cleanup[2] removing _frozen_importlib_external
# cleanup[2] removing _io
# cleanup[2] removing marshal
# cleanup[2] removing posix
# cleanup[2] removing zipimport
# cleanup[2] removing encodings
# destroy encodings
# cleanup[2] removing codecs
# cleanup[2] removing _codecs
# cleanup[2] removing encodings.aliases
# cleanup[2] removing encodings.utf_8
# cleanup[2] removing _signal
# cleanup[2] removing __main__
# cleanup[2] removing encodings.latin_1
# cleanup[2] removing io
# destroy io
# cleanup[2] removing abc
# cleanup[2] removing _weakrefset
# destroy _weakrefset
# cleanup[2] removing site
# destroy site
# cleanup[2] removing os
# cleanup[2] removing errno
# cleanup[2] removing stat
# cleanup[2] removing _stat
# cleanup[2] removing posixpath
# cleanup[2] removing genericpath
# cleanup[2] removing os.path
# cleanup[2] removing _collections_abc
# cleanup[2] removing _sitebuiltins
# cleanup[2] removing sysconfig
# destroy sysconfig
# cleanup[2] removing _sysconfigdata_m_linux_x86_64-linux-gnu
# destroy _sysconfigdata_m_linux_x86_64-linux-gnu
# cleanup[2] removing _bootlocale
# destroy _bootlocale
# cleanup[2] removing _locale
# cleanup[2] removing types
# cleanup[2] removing functools
# cleanup[2] removing _functools
# cleanup[2] removing collections
# cleanup[2] removing operator
# destroy operator
# cleanup[2] removing _operator
# cleanup[2] removing keyword
# destroy keyword
# cleanup[2] removing heapq
# cleanup[2] removing _heapq
# cleanup[2] removing itertools
# cleanup[2] removing reprlib
# destroy reprlib
# cleanup[2] removing _collections
# cleanup[2] removing weakref
# destroy weakref
# cleanup[2] removing collections.abc
# cleanup[2] removing importlib
# destroy importlib
# cleanup[2] removing importlib._bootstrap
# cleanup[2] removing importlib._bootstrap_external
# cleanup[2] removing warnings
# cleanup[2] removing importlib.util
# cleanup[2] removing importlib.abc
# cleanup[2] removing importlib.machinery
# cleanup[2] removing contextlib
# destroy contextlib
# cleanup[2] removing zope
# destroy zope
# cleanup[2] removing sitecustomize
# destroy sitecustomize
# cleanup[2] removing apport_python_hook
# destroy apport_python_hook
# cleanup[2] removing readline
# cleanup[2] removing atexit
# cleanup[2] removing rlcompleter
# destroy rlcompleter
# destroy zipimport
# destroy _signal
# destroy _sitebuiltins
# destroy _locale
# destroy _functools
# destroy heapq
# destroy collections.abc
# destroy atexit
# destroy __main__
# destroy readline
# destroy _operator
# destroy _heapq
# destroy _collections
# destroy collections
# destroy itertools
# destroy importlib.util
# destroy importlib.abc
# destroy functools
# destroy types
# destroy warnings
# destroy importlib.machinery
# destroy _collections_abc
# cleanup[3] wiping _frozen_importlib
# destroy _frozen_importlib_external
# cleanup[3] wiping _imp
# cleanup[3] wiping _warnings
# cleanup[3] wiping _thread
# cleanup[3] wiping _weakref
# cleanup[3] wiping _io
# cleanup[3] wiping marshal
# cleanup[3] wiping posix
# cleanup[3] wiping codecs
# cleanup[3] wiping _codecs
# cleanup[3] wiping encodings.aliases
# cleanup[3] wiping encodings.utf_8
# cleanup[3] wiping encodings.latin_1
# cleanup[3] wiping abc
# cleanup[3] wiping os
# destroy abc
# destroy errno
# destroy posixpath
# cleanup[3] wiping stat
# cleanup[3] wiping _stat
# destroy _stat
# cleanup[3] wiping genericpath
# cleanup[3] wiping importlib._bootstrap
# cleanup[3] wiping sys
# cleanup[3] wiping builtins
# destroy os
# destroy stat
# destroy genericpath
john@ubuntu:~/Documents/GitHub/ESPE-DMT/FlaskApp$ python --version

Command 'python' not found, but can be installed with:

sudo apt install python3       
sudo apt install python        
sudo apt install python-minimal

You also have python3 installed, you can run 'python3' instead.

john@ubuntu:~/Documents/GitHub/ESPE-DMT/FlaskApp$ python3 --version
Python 3.6.9
john@ubuntu:~/Documents/GitHub/ESPE-DMT/FlaskApp$ virtualenv env

Command 'virtualenv' not found, but can be installed with:

sudo apt install virtualenv

john@ubuntu:~/Documents/GitHub/ESPE-DMT/FlaskApp$ ^C
john@ubuntu:~/Documents/GitHub/ESPE-DMT/FlaskApp$ pip install virtualenv

Command 'pip' not found, but can be installed with:

sudo apt install python-pip

john@ubuntu:~/Documents/GitHub/ESPE-DMT/FlaskApp$ sudo apt install python3-pip
[sudo] password for john: 
Reading package lists... Done
Building dependency tree       
Reading state information... Done
The following additional packages will be installed:
  build-essential dh-python dpkg-dev fakeroot g++ g++-7 gcc gcc-7
  libalgorithm-diff-perl libalgorithm-diff-xs-perl libalgorithm-merge-perl
  libasan4 libatomic1 libc-dev-bin libc6-dev libcilkrts5 libexpat1-dev
  libfakeroot libgcc-7-dev libitm1 liblsan0 libmpx2 libpython3-dev
  libpython3.6-dev libquadmath0 libstdc++-7-dev libtsan0 libubsan0
  linux-libc-dev make manpages-dev python3-dev python3-setuptools
  python3-wheel python3.6-dev
Suggested packages:
  debian-keyring g++-multilib g++-7-multilib gcc-7-doc libstdc++6-7-dbg
  gcc-multilib autoconf automake libtool flex bison gcc-doc gcc-7-multilib
  gcc-7-locales libgcc1-dbg libgomp1-dbg libitm1-dbg libatomic1-dbg
  libasan4-dbg liblsan0-dbg libtsan0-dbg libubsan0-dbg libcilkrts5-dbg
  libmpx2-dbg libquadmath0-dbg glibc-doc libstdc++-7-doc make-doc
  python-setuptools-doc
The following NEW packages will be installed:
  build-essential dh-python dpkg-dev fakeroot g++ g++-7 gcc gcc-7
  libalgorithm-diff-perl libalgorithm-diff-xs-perl libalgorithm-merge-perl
  libasan4 libatomic1 libc-dev-bin libc6-dev libcilkrts5 libexpat1-dev
  libfakeroot libgcc-7-dev libitm1 liblsan0 libmpx2 libpython3-dev
  libpython3.6-dev libquadmath0 libstdc++-7-dev libtsan0 libubsan0
  linux-libc-dev make manpages-dev python3-dev python3-pip python3-setuptools
  python3-wheel python3.6-dev
0 upgraded, 36 newly installed, 0 to remove and 2 not upgraded.
Need to get 76.9 MB of archives.
After this operation, 201 MB of additional disk space will be used.
Do you want to continue? [Y/n] Y
Get:1 http://us.archive.ubuntu.com/ubuntu bionic-updates/main amd64 libc-dev-bin amd64 2.27-3ubuntu1.6 [71.9 kB]
Get:2 http://us.archive.ubuntu.com/ubuntu bionic-updates/main amd64 linux-libc-dev amd64 4.15.0-202.213 [993 kB]
Get:3 http://us.archive.ubuntu.com/ubuntu bionic-updates/main amd64 libc6-dev amd64 2.27-3ubuntu1.6 [2,587 kB]
Get:4 http://us.archive.ubuntu.com/ubuntu bionic-updates/main amd64 libitm1 amd64 8.4.0-1ubuntu1~18.04 [27.9 kB]
Get:5 http://us.archive.ubuntu.com/ubuntu bionic-updates/main amd64 libatomic1 amd64 8.4.0-1ubuntu1~18.04 [9,192 B]
Get:6 http://us.archive.ubuntu.com/ubuntu bionic-updates/main amd64 libasan4 amd64 7.5.0-3ubuntu1~18.04 [358 kB]
Get:7 http://us.archive.ubuntu.com/ubuntu bionic-updates/main amd64 liblsan0 amd64 8.4.0-1ubuntu1~18.04 [133 kB]
Get:8 http://us.archive.ubuntu.com/ubuntu bionic-updates/main amd64 libtsan0 amd64 8.4.0-1ubuntu1~18.04 [288 kB]
Get:9 http://us.archive.ubuntu.com/ubuntu bionic-updates/main amd64 libubsan0 amd64 7.5.0-3ubuntu1~18.04 [126 kB]
Get:10 http://us.archive.ubuntu.com/ubuntu bionic-updates/main amd64 libcilkrts5 amd64 7.5.0-3ubuntu1~18.04 [42.5 kB]
Get:11 http://us.archive.ubuntu.com/ubuntu bionic-updates/main amd64 libmpx2 amd64 8.4.0-1ubuntu1~18.04 [11.6 kB]
Get:12 http://us.archive.ubuntu.com/ubuntu bionic-updates/main amd64 libquadmath0 amd64 8.4.0-1ubuntu1~18.04 [134 kB]
Get:13 http://us.archive.ubuntu.com/ubuntu bionic-updates/main amd64 libgcc-7-dev amd64 7.5.0-3ubuntu1~18.04 [2,378 kB]
Get:14 http://us.archive.ubuntu.com/ubuntu bionic-updates/main amd64 gcc-7 amd64 7.5.0-3ubuntu1~18.04 [9,381 kB]
Get:15 http://us.archive.ubuntu.com/ubuntu bionic-updates/main amd64 gcc amd64 4:7.4.0-1ubuntu2.3 [5,184 B]
Get:16 http://us.archive.ubuntu.com/ubuntu bionic-updates/main amd64 libstdc++-7-dev amd64 7.5.0-3ubuntu1~18.04 [1,471 kB]
Get:17 http://us.archive.ubuntu.com/ubuntu bionic-updates/main amd64 g++-7 amd64 7.5.0-3ubuntu1~18.04 [9,697 kB]
Get:18 http://us.archive.ubuntu.com/ubuntu bionic-updates/main amd64 g++ amd64 4:7.4.0-1ubuntu2.3 [1,568 B]
Get:19 http://us.archive.ubuntu.com/ubuntu bionic/main amd64 make amd64 4.1-9.1ubuntu1 [154 kB]
Get:20 http://us.archive.ubuntu.com/ubuntu bionic-updates/main amd64 dpkg-dev all 1.19.0.5ubuntu2.4 [607 kB]
Get:21 http://us.archive.ubuntu.com/ubuntu bionic/main amd64 build-essential amd64 12.4ubuntu1 [4,758 B]
Get:22 http://us.archive.ubuntu.com/ubuntu bionic/main amd64 dh-python all 3.20180325ubuntu2 [89.2 kB]
Get:23 http://us.archive.ubuntu.com/ubuntu bionic/main amd64 libfakeroot amd64 1.22-2ubuntu1 [25.9 kB]
Get:24 http://us.archive.ubuntu.com/ubuntu bionic/main amd64 fakeroot amd64 1.22-2ubuntu1 [62.3 kB]
Get:25 http://us.archive.ubuntu.com/ubuntu bionic/main amd64 libalgorithm-diff-perl all 1.19.03-1 [47.6 kB]
Get:26 http://us.archive.ubuntu.com/ubuntu bionic/main amd64 libalgorithm-diff-xs-perl amd64 0.04-5 [11.1 kB]
Get:27 http://us.archive.ubuntu.com/ubuntu bionic/main amd64 libalgorithm-merge-perl all 0.08-3 [12.0 kB]
Get:28 http://us.archive.ubuntu.com/ubuntu bionic-updates/main amd64 libexpat1-dev amd64 2.2.5-3ubuntu0.9 [124 kB]
Get:29 http://us.archive.ubuntu.com/ubuntu bionic-updates/main amd64 libpython3.6-dev amd64 3.6.9-1~18.04ubuntu1.9 [44.9 MB]
Get:29 http://us.archive.ubuntu.com/ubuntu bionic-updates/main amd64 libpython3.6-dev amd64 3.6.9-1~18.04ubuntu1.9 [44.9 MB]
Get:30 http://us.archive.ubuntu.com/ubuntu bionic-updates/main amd64 libpython3-dev amd64 3.6.7-1~18.04 [7,328 B]
Get:31 http://us.archive.ubuntu.com/ubuntu bionic/main amd64 manpages-dev all 4.15-1 [2,217 kB]
Get:32 http://us.archive.ubuntu.com/ubuntu bionic-updates/main amd64 python3.6-dev amd64 3.6.9-1~18.04ubuntu1.9 [511 kB]
Get:33 http://us.archive.ubuntu.com/ubuntu bionic-updates/main amd64 python3-dev amd64 3.6.7-1~18.04 [1,288 B]
Get:34 http://us.archive.ubuntu.com/ubuntu bionic-updates/universe amd64 python3-pip all 9.0.1-2.3~ubuntu1.18.04.5 [114 kB]
Get:35 http://us.archive.ubuntu.com/ubuntu bionic/main amd64 python3-setuptools all 39.0.1-2 [248 kB]
Get:36 http://us.archive.ubuntu.com/ubuntu bionic/universe amd64 python3-wheel all 0.30.0-0.2 [36.5 kB]
Fetched 38.5 MB in 6min 48s (94.3 kB/s)                                        
Extracting templates from packages: 100%
Selecting previously unselected package libc-dev-bin.
(Reading database ... 170235 files and directories currently installed.)
Preparing to unpack .../00-libc-dev-bin_2.27-3ubuntu1.6_amd64.deb ...
Unpacking libc-dev-bin (2.27-3ubuntu1.6) ...
Selecting previously unselected package linux-libc-dev:amd64.
Preparing to unpack .../01-linux-libc-dev_4.15.0-202.213_amd64.deb ...
Unpacking linux-libc-dev:amd64 (4.15.0-202.213) ...
Selecting previously unselected package libc6-dev:amd64.
Preparing to unpack .../02-libc6-dev_2.27-3ubuntu1.6_amd64.deb ...
Unpacking libc6-dev:amd64 (2.27-3ubuntu1.6) ...
Selecting previously unselected package libitm1:amd64.
Preparing to unpack .../03-libitm1_8.4.0-1ubuntu1~18.04_amd64.deb ...
Unpacking libitm1:amd64 (8.4.0-1ubuntu1~18.04) ...
Selecting previously unselected package libatomic1:amd64.
Preparing to unpack .../04-libatomic1_8.4.0-1ubuntu1~18.04_amd64.deb ...
Unpacking libatomic1:amd64 (8.4.0-1ubuntu1~18.04) ...
Selecting previously unselected package libasan4:amd64.
Preparing to unpack .../05-libasan4_7.5.0-3ubuntu1~18.04_amd64.deb ...
Unpacking libasan4:amd64 (7.5.0-3ubuntu1~18.04) ...
Selecting previously unselected package liblsan0:amd64.
Preparing to unpack .../06-liblsan0_8.4.0-1ubuntu1~18.04_amd64.deb ...
Unpacking liblsan0:amd64 (8.4.0-1ubuntu1~18.04) ...
Selecting previously unselected package libtsan0:amd64.
Preparing to unpack .../07-libtsan0_8.4.0-1ubuntu1~18.04_amd64.deb ...
Unpacking libtsan0:amd64 (8.4.0-1ubuntu1~18.04) ...
Selecting previously unselected package libubsan0:amd64.
Preparing to unpack .../08-libubsan0_7.5.0-3ubuntu1~18.04_amd64.deb ...
Unpacking libubsan0:amd64 (7.5.0-3ubuntu1~18.04) ...
Selecting previously unselected package libcilkrts5:amd64.
Preparing to unpack .../09-libcilkrts5_7.5.0-3ubuntu1~18.04_amd64.deb ...
Unpacking libcilkrts5:amd64 (7.5.0-3ubuntu1~18.04) ...
Selecting previously unselected package libmpx2:amd64.
Preparing to unpack .../10-libmpx2_8.4.0-1ubuntu1~18.04_amd64.deb ...
Unpacking libmpx2:amd64 (8.4.0-1ubuntu1~18.04) ...
Selecting previously unselected package libquadmath0:amd64.
Preparing to unpack .../11-libquadmath0_8.4.0-1ubuntu1~18.04_amd64.deb ...
Unpacking libquadmath0:amd64 (8.4.0-1ubuntu1~18.04) ...
Selecting previously unselected package libgcc-7-dev:amd64.
Preparing to unpack .../12-libgcc-7-dev_7.5.0-3ubuntu1~18.04_amd64.deb ...
Unpacking libgcc-7-dev:amd64 (7.5.0-3ubuntu1~18.04) ...
Selecting previously unselected package gcc-7.
Preparing to unpack .../13-gcc-7_7.5.0-3ubuntu1~18.04_amd64.deb ...
Unpacking gcc-7 (7.5.0-3ubuntu1~18.04) ...
Selecting previously unselected package gcc.
Preparing to unpack .../14-gcc_4%3a7.4.0-1ubuntu2.3_amd64.deb ...
Unpacking gcc (4:7.4.0-1ubuntu2.3) ...
Selecting previously unselected package libstdc++-7-dev:amd64.
Preparing to unpack .../15-libstdc++-7-dev_7.5.0-3ubuntu1~18.04_amd64.deb ...
Unpacking libstdc++-7-dev:amd64 (7.5.0-3ubuntu1~18.04) ...
Selecting previously unselected package g++-7.
Preparing to unpack .../16-g++-7_7.5.0-3ubuntu1~18.04_amd64.deb ...
Unpacking g++-7 (7.5.0-3ubuntu1~18.04) ...
Selecting previously unselected package g++.
Preparing to unpack .../17-g++_4%3a7.4.0-1ubuntu2.3_amd64.deb ...
Unpacking g++ (4:7.4.0-1ubuntu2.3) ...
Selecting previously unselected package make.
Preparing to unpack .../18-make_4.1-9.1ubuntu1_amd64.deb ...
Unpacking make (4.1-9.1ubuntu1) ...
Selecting previously unselected package dpkg-dev.
Preparing to unpack .../19-dpkg-dev_1.19.0.5ubuntu2.4_all.deb ...
Unpacking dpkg-dev (1.19.0.5ubuntu2.4) ...
Selecting previously unselected package build-essential.
Preparing to unpack .../20-build-essential_12.4ubuntu1_amd64.deb ...
Unpacking build-essential (12.4ubuntu1) ...
Selecting previously unselected package dh-python.
Preparing to unpack .../21-dh-python_3.20180325ubuntu2_all.deb ...
Unpacking dh-python (3.20180325ubuntu2) ...
Selecting previously unselected package libfakeroot:amd64.
Preparing to unpack .../22-libfakeroot_1.22-2ubuntu1_amd64.deb ...
Unpacking libfakeroot:amd64 (1.22-2ubuntu1) ...
Selecting previously unselected package fakeroot.
Preparing to unpack .../23-fakeroot_1.22-2ubuntu1_amd64.deb ...
Unpacking fakeroot (1.22-2ubuntu1) ...
Selecting previously unselected package libalgorithm-diff-perl.
Preparing to unpack .../24-libalgorithm-diff-perl_1.19.03-1_all.deb ...
Unpacking libalgorithm-diff-perl (1.19.03-1) ...
Selecting previously unselected package libalgorithm-diff-xs-perl.
Preparing to unpack .../25-libalgorithm-diff-xs-perl_0.04-5_amd64.deb ...
Unpacking libalgorithm-diff-xs-perl (0.04-5) ...
Selecting previously unselected package libalgorithm-merge-perl.
Preparing to unpack .../26-libalgorithm-merge-perl_0.08-3_all.deb ...
Unpacking libalgorithm-merge-perl (0.08-3) ...
Selecting previously unselected package libexpat1-dev:amd64.
Preparing to unpack .../27-libexpat1-dev_2.2.5-3ubuntu0.9_amd64.deb ...
Unpacking libexpat1-dev:amd64 (2.2.5-3ubuntu0.9) ...
Selecting previously unselected package libpython3.6-dev:amd64.
Preparing to unpack .../28-libpython3.6-dev_3.6.9-1~18.04ubuntu1.9_amd64.deb ...
Unpacking libpython3.6-dev:amd64 (3.6.9-1~18.04ubuntu1.9) ...
Selecting previously unselected package libpython3-dev:amd64.
Preparing to unpack .../29-libpython3-dev_3.6.7-1~18.04_amd64.deb ...
Unpacking libpython3-dev:amd64 (3.6.7-1~18.04) ...
Selecting previously unselected package manpages-dev.
Preparing to unpack .../30-manpages-dev_4.15-1_all.deb ...
Unpacking manpages-dev (4.15-1) ...
Selecting previously unselected package python3.6-dev.
Preparing to unpack .../31-python3.6-dev_3.6.9-1~18.04ubuntu1.9_amd64.deb ...
Unpacking python3.6-dev (3.6.9-1~18.04ubuntu1.9) ...
Selecting previously unselected package python3-dev.
Preparing to unpack .../32-python3-dev_3.6.7-1~18.04_amd64.deb ...
Unpacking python3-dev (3.6.7-1~18.04) ...
Selecting previously unselected package python3-pip.
Preparing to unpack .../33-python3-pip_9.0.1-2.3~ubuntu1.18.04.5_all.deb ...
Unpacking python3-pip (9.0.1-2.3~ubuntu1.18.04.5) ...
Selecting previously unselected package python3-setuptools.
Preparing to unpack .../34-python3-setuptools_39.0.1-2_all.deb ...
Unpacking python3-setuptools (39.0.1-2) ...
Selecting previously unselected package python3-wheel.
Preparing to unpack .../35-python3-wheel_0.30.0-0.2_all.deb ...
Unpacking python3-wheel (0.30.0-0.2) ...
Setting up libquadmath0:amd64 (8.4.0-1ubuntu1~18.04) ...
Setting up libatomic1:amd64 (8.4.0-1ubuntu1~18.04) ...
Setting up make (4.1-9.1ubuntu1) ...
Setting up libasan4:amd64 (7.5.0-3ubuntu1~18.04) ...
Setting up libcilkrts5:amd64 (7.5.0-3ubuntu1~18.04) ...
Setting up libubsan0:amd64 (7.5.0-3ubuntu1~18.04) ...
Setting up libtsan0:amd64 (8.4.0-1ubuntu1~18.04) ...
Setting up linux-libc-dev:amd64 (4.15.0-202.213) ...
Setting up python3-wheel (0.30.0-0.2) ...
Setting up liblsan0:amd64 (8.4.0-1ubuntu1~18.04) ...
Setting up libmpx2:amd64 (8.4.0-1ubuntu1~18.04) ...
Setting up dpkg-dev (1.19.0.5ubuntu2.4) ...
Setting up libfakeroot:amd64 (1.22-2ubuntu1) ...
Setting up python3-pip (9.0.1-2.3~ubuntu1.18.04.5) ...
Setting up libalgorithm-diff-perl (1.19.03-1) ...
Setting up libc-dev-bin (2.27-3ubuntu1.6) ...
Setting up python3-setuptools (39.0.1-2) ...
Setting up manpages-dev (4.15-1) ...
Setting up dh-python (3.20180325ubuntu2) ...
Setting up libc6-dev:amd64 (2.27-3ubuntu1.6) ...
Setting up libitm1:amd64 (8.4.0-1ubuntu1~18.04) ...
Setting up fakeroot (1.22-2ubuntu1) ...
update-alternatives: using /usr/bin/fakeroot-sysv to provide /usr/bin/fakeroot (fakeroot) in auto mode
Setting up libgcc-7-dev:amd64 (7.5.0-3ubuntu1~18.04) ...
Setting up libstdc++-7-dev:amd64 (7.5.0-3ubuntu1~18.04) ...
Setting up libalgorithm-merge-perl (0.08-3) ...
Setting up libalgorithm-diff-xs-perl (0.04-5) ...
Setting up libexpat1-dev:amd64 (2.2.5-3ubuntu0.9) ...
Setting up gcc-7 (7.5.0-3ubuntu1~18.04) ...
Setting up g++-7 (7.5.0-3ubuntu1~18.04) ...
Setting up gcc (4:7.4.0-1ubuntu2.3) ...
Setting up libpython3.6-dev:amd64 (3.6.9-1~18.04ubuntu1.9) ...
Setting up g++ (4:7.4.0-1ubuntu2.3) ...
update-alternatives: using /usr/bin/g++ to provide /usr/bin/c++ (c++) in auto mode
Setting up python3.6-dev (3.6.9-1~18.04ubuntu1.9) ...
Setting up libpython3-dev:amd64 (3.6.7-1~18.04) ...
Setting up build-essential (12.4ubuntu1) ...
Setting up python3-dev (3.6.7-1~18.04) ...
Processing triggers for man-db (2.8.3-2ubuntu0.1) ...
Processing triggers for libc-bin (2.27-3ubuntu1.6) ...
john@ubuntu:~/Documents/GitHub/ESPE-DMT/FlaskApp$ pip install virtualenv

Command 'pip' not found, but can be installed with:

sudo apt install python-pip

john@ubuntu:~/Documents/GitHub/ESPE-DMT/FlaskApp$ pip install virtualenv

Command 'pip' not found, but can be installed with:

sudo apt install python-pip

john@ubuntu:~/Documents/GitHub/ESPE-DMT/FlaskApp$ ^C
john@ubuntu:~/Documents/GitHub/ESPE-DMT/FlaskApp$ sudo apt install python-pip
Reading package lists... Done
Building dependency tree       
Reading state information... Done
The following additional packages will be installed:
  libpython-all-dev libpython-dev libpython-stdlib libpython2.7-dev python
  python-all python-all-dev python-asn1crypto python-cffi-backend
  python-crypto python-cryptography python-dbus python-dev python-enum34
  python-gi python-idna python-ipaddress python-keyring python-keyrings.alt
  python-minimal python-pkg-resources python-secretstorage python-setuptools
  python-six python-wheel python-xdg python2.7 python2.7-dev python2.7-minimal
Suggested packages:
  python-doc python-tk python-crypto-doc python-cryptography-doc
  python-cryptography-vectors python-dbus-dbg python-dbus-doc
  python-enum34-doc python-gi-cairo libkf5wallet-bin gir1.2-gnomekeyring-1.0
  python-fs python-gdata python-keyczar python-secretstorage-doc
  python-setuptools-doc python2.7-doc binfmt-support
The following NEW packages will be installed:
  libpython-all-dev libpython-dev libpython-stdlib libpython2.7-dev python
  python-all python-all-dev python-asn1crypto python-cffi-backend
  python-crypto python-cryptography python-dbus python-dev python-enum34
  python-gi python-idna python-ipaddress python-keyring python-keyrings.alt
  python-minimal python-pip python-pkg-resources python-secretstorage
  python-setuptools python-six python-wheel python-xdg python2.7 python2.7-dev
  python2.7-minimal
0 upgraded, 30 newly installed, 0 to remove and 2 not upgraded.
Need to get 32.0 MB of archives.
After this operation, 55.7 MB of additional disk space will be used.
Do you want to continue? [Y/n] Y
Get:1 http://us.archive.ubuntu.com/ubuntu bionic-updates/main amd64 python2.7-minimal amd64 2.7.17-1~18.04ubuntu1.10 [1,290 kB]
Get:2 http://us.archive.ubuntu.com/ubuntu bionic/main amd64 python-minimal amd64 2.7.15~rc1-1 [28.1 kB]
Get:3 http://us.archive.ubuntu.com/ubuntu bionic-updates/main amd64 python2.7 amd64 2.7.17-1~18.04ubuntu1.10 [248 kB]
Get:4 http://us.archive.ubuntu.com/ubuntu bionic/main amd64 libpython-stdlib amd64 2.7.15~rc1-1 [7,620 B]
Get:5 http://us.archive.ubuntu.com/ubuntu bionic/main amd64 python amd64 2.7.15~rc1-1 [140 kB]
Get:6 http://us.archive.ubuntu.com/ubuntu bionic-updates/main amd64 libpython2.7-dev amd64 2.7.17-1~18.04ubuntu1.10 [28.3 MB]
Get:7 http://us.archive.ubuntu.com/ubuntu bionic/main amd64 libpython-dev amd64 2.7.15~rc1-1 [7,684 B]
Get:8 http://us.archive.ubuntu.com/ubuntu bionic/main amd64 libpython-all-dev amd64 2.7.15~rc1-1 [1,092 B]
Get:9 http://us.archive.ubuntu.com/ubuntu bionic/main amd64 python-all amd64 2.7.15~rc1-1 [1,076 B]
Get:10 http://us.archive.ubuntu.com/ubuntu bionic-updates/main amd64 python2.7-dev amd64 2.7.17-1~18.04ubuntu1.10 [285 kB]
Get:11 http://us.archive.ubuntu.com/ubuntu bionic/main amd64 python-dev amd64 2.7.15~rc1-1 [1,256 B]
Get:12 http://us.archive.ubuntu.com/ubuntu bionic/main amd64 python-all-dev amd64 2.7.15~rc1-1 [1,100 B]
Get:13 http://us.archive.ubuntu.com/ubuntu bionic/main amd64 python-asn1crypto all 0.24.0-1 [72.7 kB]
Get:14 http://us.archive.ubuntu.com/ubuntu bionic/main amd64 python-cffi-backend amd64 1.11.5-1 [63.4 kB]
Get:15 http://us.archive.ubuntu.com/ubuntu bionic/main amd64 python-crypto amd64 2.6.1-8ubuntu2 [244 kB]
Get:16 http://us.archive.ubuntu.com/ubuntu bionic/main amd64 python-enum34 all 1.1.6-2 [34.8 kB]
Get:17 http://us.archive.ubuntu.com/ubuntu bionic/main amd64 python-idna all 2.6-1 [32.4 kB]
Get:18 http://us.archive.ubuntu.com/ubuntu bionic/main amd64 python-ipaddress all 1.0.17-1 [18.2 kB]
Get:19 http://us.archive.ubuntu.com/ubuntu bionic/main amd64 python-six all 1.11.0-2 [11.3 kB]
Get:20 http://us.archive.ubuntu.com/ubuntu bionic-updates/main amd64 python-cryptography amd64 2.1.4-1ubuntu1.4 [276 kB]
Get:21 http://us.archive.ubuntu.com/ubuntu bionic/main amd64 python-dbus amd64 1.2.6-1 [90.2 kB]
Get:22 http://us.archive.ubuntu.com/ubuntu bionic-updates/main amd64 python-gi amd64 3.26.1-2ubuntu1 [197 kB]
Get:23 http://us.archive.ubuntu.com/ubuntu bionic/main amd64 python-secretstorage all 2.3.1-2 [11.8 kB]
Get:24 http://us.archive.ubuntu.com/ubuntu bionic/main amd64 python-keyring all 10.6.0-1 [30.6 kB]
Get:25 http://us.archive.ubuntu.com/ubuntu bionic/main amd64 python-keyrings.alt all 3.0-1 [16.7 kB]
Get:26 http://us.archive.ubuntu.com/ubuntu bionic-updates/universe amd64 python-pip all 9.0.1-2.3~ubuntu1.18.04.5 [151 kB]
Get:27 http://us.archive.ubuntu.com/ubuntu bionic/main amd64 python-pkg-resources all 39.0.1-2 [128 kB]
Get:28 http://us.archive.ubuntu.com/ubuntu bionic/main amd64 python-setuptools all 39.0.1-2 [329 kB]
Get:29 http://us.archive.ubuntu.com/ubuntu bionic/universe amd64 python-wheel all 0.30.0-0.2 [36.4 kB]
Get:30 http://us.archive.ubuntu.com/ubuntu bionic-updates/universe amd64 python-xdg all 0.25-4ubuntu1.1 [31.2 kB]
Fetched 32.0 MB in 31s (1,031 kB/s)                                            
Selecting previously unselected package python2.7-minimal.
(Reading database ... 175671 files and directories currently installed.)
Preparing to unpack .../python2.7-minimal_2.7.17-1~18.04ubuntu1.10_amd64.deb ...
Unpacking python2.7-minimal (2.7.17-1~18.04ubuntu1.10) ...
Selecting previously unselected package python-minimal.
Preparing to unpack .../python-minimal_2.7.15~rc1-1_amd64.deb ...
Unpacking python-minimal (2.7.15~rc1-1) ...
Selecting previously unselected package python2.7.
Preparing to unpack .../python2.7_2.7.17-1~18.04ubuntu1.10_amd64.deb ...
Unpacking python2.7 (2.7.17-1~18.04ubuntu1.10) ...
Selecting previously unselected package libpython-stdlib:amd64.
Preparing to unpack .../libpython-stdlib_2.7.15~rc1-1_amd64.deb ...
Unpacking libpython-stdlib:amd64 (2.7.15~rc1-1) ...
Setting up python2.7-minimal (2.7.17-1~18.04ubuntu1.10) ...
Linking and byte-compiling packages for runtime python2.7...
Setting up python-minimal (2.7.15~rc1-1) ...
Selecting previously unselected package python.
(Reading database ... 175728 files and directories currently installed.)
Preparing to unpack .../00-python_2.7.15~rc1-1_amd64.deb ...
Unpacking python (2.7.15~rc1-1) ...
Selecting previously unselected package libpython2.7-dev:amd64.
Preparing to unpack .../01-libpython2.7-dev_2.7.17-1~18.04ubuntu1.10_amd64.deb ...
Unpacking libpython2.7-dev:amd64 (2.7.17-1~18.04ubuntu1.10) ...
Selecting previously unselected package libpython-dev:amd64.
Preparing to unpack .../02-libpython-dev_2.7.15~rc1-1_amd64.deb ...
Unpacking libpython-dev:amd64 (2.7.15~rc1-1) ...
Selecting previously unselected package libpython-all-dev:amd64.
Preparing to unpack .../03-libpython-all-dev_2.7.15~rc1-1_amd64.deb ...
Unpacking libpython-all-dev:amd64 (2.7.15~rc1-1) ...
Selecting previously unselected package python-all.
Preparing to unpack .../04-python-all_2.7.15~rc1-1_amd64.deb ...
Unpacking python-all (2.7.15~rc1-1) ...
Selecting previously unselected package python2.7-dev.
Preparing to unpack .../05-python2.7-dev_2.7.17-1~18.04ubuntu1.10_amd64.deb ...
Unpacking python2.7-dev (2.7.17-1~18.04ubuntu1.10) ...
Selecting previously unselected package python-dev.
Preparing to unpack .../06-python-dev_2.7.15~rc1-1_amd64.deb ...
Unpacking python-dev (2.7.15~rc1-1) ...
Selecting previously unselected package python-all-dev.
Preparing to unpack .../07-python-all-dev_2.7.15~rc1-1_amd64.deb ...
Unpacking python-all-dev (2.7.15~rc1-1) ...
Selecting previously unselected package python-asn1crypto.
Preparing to unpack .../08-python-asn1crypto_0.24.0-1_all.deb ...
Unpacking python-asn1crypto (0.24.0-1) ...
Selecting previously unselected package python-cffi-backend.
Preparing to unpack .../09-python-cffi-backend_1.11.5-1_amd64.deb ...
Unpacking python-cffi-backend (1.11.5-1) ...
Selecting previously unselected package python-crypto.
Preparing to unpack .../10-python-crypto_2.6.1-8ubuntu2_amd64.deb ...
Unpacking python-crypto (2.6.1-8ubuntu2) ...
Selecting previously unselected package python-enum34.
Preparing to unpack .../11-python-enum34_1.1.6-2_all.deb ...
Unpacking python-enum34 (1.1.6-2) ...
Selecting previously unselected package python-idna.
Preparing to unpack .../12-python-idna_2.6-1_all.deb ...
Unpacking python-idna (2.6-1) ...
Selecting previously unselected package python-ipaddress.
Preparing to unpack .../13-python-ipaddress_1.0.17-1_all.deb ...
Unpacking python-ipaddress (1.0.17-1) ...
Selecting previously unselected package python-six.
Preparing to unpack .../14-python-six_1.11.0-2_all.deb ...
Unpacking python-six (1.11.0-2) ...
Selecting previously unselected package python-cryptography.
Preparing to unpack .../15-python-cryptography_2.1.4-1ubuntu1.4_amd64.deb ...
Unpacking python-cryptography (2.1.4-1ubuntu1.4) ...
Selecting previously unselected package python-dbus.
Preparing to unpack .../16-python-dbus_1.2.6-1_amd64.deb ...
Unpacking python-dbus (1.2.6-1) ...
Selecting previously unselected package python-gi.
Preparing to unpack .../17-python-gi_3.26.1-2ubuntu1_amd64.deb ...
Unpacking python-gi (3.26.1-2ubuntu1) ...
Selecting previously unselected package python-secretstorage.
Preparing to unpack .../18-python-secretstorage_2.3.1-2_all.deb ...
Unpacking python-secretstorage (2.3.1-2) ...
Selecting previously unselected package python-keyring.
Preparing to unpack .../19-python-keyring_10.6.0-1_all.deb ...
Unpacking python-keyring (10.6.0-1) ...
Selecting previously unselected package python-keyrings.alt.
Preparing to unpack .../20-python-keyrings.alt_3.0-1_all.deb ...
Unpacking python-keyrings.alt (3.0-1) ...
Selecting previously unselected package python-pip.
Preparing to unpack .../21-python-pip_9.0.1-2.3~ubuntu1.18.04.5_all.deb ...
Unpacking python-pip (9.0.1-2.3~ubuntu1.18.04.5) ...
Selecting previously unselected package python-pkg-resources.
Preparing to unpack .../22-python-pkg-resources_39.0.1-2_all.deb ...
Unpacking python-pkg-resources (39.0.1-2) ...
Selecting previously unselected package python-setuptools.
Preparing to unpack .../23-python-setuptools_39.0.1-2_all.deb ...
Unpacking python-setuptools (39.0.1-2) ...
Selecting previously unselected package python-wheel.
Preparing to unpack .../24-python-wheel_0.30.0-0.2_all.deb ...
Unpacking python-wheel (0.30.0-0.2) ...
Selecting previously unselected package python-xdg.
Preparing to unpack .../25-python-xdg_0.25-4ubuntu1.1_all.deb ...
Unpacking python-xdg (0.25-4ubuntu1.1) ...
Setting up python2.7 (2.7.17-1~18.04ubuntu1.10) ...
Setting up libpython-stdlib:amd64 (2.7.15~rc1-1) ...
Setting up libpython2.7-dev:amd64 (2.7.17-1~18.04ubuntu1.10) ...
Setting up python2.7-dev (2.7.17-1~18.04ubuntu1.10) ...
Setting up python (2.7.15~rc1-1) ...
Setting up python-xdg (0.25-4ubuntu1.1) ...
Setting up python-idna (2.6-1) ...
Setting up libpython-dev:amd64 (2.7.15~rc1-1) ...
Setting up python-asn1crypto (0.24.0-1) ...
Setting up python-crypto (2.6.1-8ubuntu2) ...
Setting up python-dev (2.7.15~rc1-1) ...
Setting up python-wheel (0.30.0-0.2) ...
Setting up libpython-all-dev:amd64 (2.7.15~rc1-1) ...
Setting up python-pkg-resources (39.0.1-2) ...
Setting up python-cffi-backend (1.11.5-1) ...
Setting up python-gi (3.26.1-2ubuntu1) ...
Setting up python-six (1.11.0-2) ...
Setting up python-enum34 (1.1.6-2) ...
Setting up python-dbus (1.2.6-1) ...
Setting up python-ipaddress (1.0.17-1) ...
Setting up python-pip (9.0.1-2.3~ubuntu1.18.04.5) ...
Setting up python-all (2.7.15~rc1-1) ...
Setting up python-setuptools (39.0.1-2) ...
Setting up python-keyrings.alt (3.0-1) ...
Setting up python-all-dev (2.7.15~rc1-1) ...
Setting up python-cryptography (2.1.4-1ubuntu1.4) ...
Setting up python-secretstorage (2.3.1-2) ...
Setting up python-keyring (10.6.0-1) ...
Processing triggers for desktop-file-utils (0.23-1ubuntu3.18.04.2) ...
Processing triggers for man-db (2.8.3-2ubuntu0.1) ...
Processing triggers for gnome-menus (3.13.3-11ubuntu1.1) ...
Processing triggers for mime-support (3.60ubuntu1) ...
john@ubuntu:~/Documents/GitHub/ESPE-DMT/FlaskApp$ pip install virtualenv
Collecting virtualenv
  Downloading https://files.pythonhosted.org/packages/6f/43/df7c7b1b7a5ac4e41fac24c3682c1cc32f2c1d683d308bba2500338d1e3e/virtualenv-20.15.1-py2.py3-none-any.whl (10.1MB)
    100% || 10.1MB 143kB/s 
Collecting importlib-metadata>=0.12; python_version < "3.8" (from virtualenv)
  Downloading https://files.pythonhosted.org/packages/cf/b4/877779cd7b5a15536ecbe0655cfb35a0de0ede6d888151fd7356d278c47d/importlib_metadata-2.1.3-py2.py3-none-any.whl
Collecting six<2,>=1.9.0 (from virtualenv)
  Downloading https://files.pythonhosted.org/packages/d9/5a/e7c31adbe875f2abbb91bd84cf2dc52d792b5a01506781dbcf25c91daf11/six-1.16.0-py2.py3-none-any.whl
Collecting platformdirs<3,>=2 (from virtualenv)
  Downloading https://files.pythonhosted.org/packages/12/57/f4e6d433fba8bde239baa65f626a31fc6d0556a2065fcc81aaa0f4f1507b/platformdirs-2.0.2-py2.py3-none-any.whl
Collecting importlib-resources>=1.0; python_version < "3.7" (from virtualenv)
  Downloading https://files.pythonhosted.org/packages/8d/94/2f6ceee0c4e63bff0177c07e68d27c937a19f6bc77c4739755b49f5adb04/importlib_resources-3.3.1-py2.py3-none-any.whl
Collecting distlib<1,>=0.3.1 (from virtualenv)
  Downloading https://files.pythonhosted.org/packages/76/cb/6bbd2b10170ed991cf64e8c8b85e01f2fb38f95d1bc77617569e0b0b26ac/distlib-0.3.6-py2.py3-none-any.whl (468kB)
    100% || 471kB 364kB/s 
Collecting pathlib2<3,>=2.3.3; python_version < "3.4" and sys_platform != "win32" (from virtualenv)
  Downloading https://files.pythonhosted.org/packages/09/eb/4af4bcd5b8731366b676192675221c5324394a580dfae469d498313b5c4a/pathlib2-2.3.7.post1-py2.py3-none-any.whl
Collecting filelock<4,>=3.2 (from virtualenv)
  Downloading https://files.pythonhosted.org/packages/f1/12/585c4d8bef61cd7f9497a021d935ba9fb3127f5e45593c2fcc313897f582/filelock-3.2.1-py2.py3-none-any.whl
Collecting zipp>=0.5 (from importlib-metadata>=0.12; python_version < "3.8"->virtualenv)
  Downloading https://files.pythonhosted.org/packages/96/0a/67556e9b7782df7118c1f49bdc494da5e5e429c93aa77965f33e81287c8c/zipp-1.2.0-py2.py3-none-any.whl
Collecting configparser>=3.5; python_version < "3" (from importlib-metadata>=0.12; python_version < "3.8"->virtualenv)
  Downloading https://files.pythonhosted.org/packages/7a/2a/95ed0501cf5d8709490b1d3a3f9b5cf340da6c433f896bbe9ce08dbe6785/configparser-4.0.2-py2.py3-none-any.whl
Collecting contextlib2; python_version < "3" (from importlib-metadata>=0.12; python_version < "3.8"->virtualenv)
  Downloading https://files.pythonhosted.org/packages/85/60/370352f7ef6aa96c52fb001831622f50f923c1d575427d021b8ab3311236/contextlib2-0.6.0.post1-py2.py3-none-any.whl
Collecting typing; python_version < "3.5" (from importlib-resources>=1.0; python_version < "3.7"->virtualenv)
  Downloading https://files.pythonhosted.org/packages/0b/cb/da856e81731833b94da70a08712f658416266a5fb2a9d9e426c8061becef/typing-3.10.0.0-py2-none-any.whl
Collecting singledispatch; python_version < "3.4" (from importlib-resources>=1.0; python_version < "3.7"->virtualenv)
  Downloading https://files.pythonhosted.org/packages/3f/09/2a17c6505a8373229cb3de6161e3af74ff90afcf4516719aa6cf32fad151/singledispatch-3.7.0-py2.py3-none-any.whl
Collecting scandir; python_version < "3.5" (from pathlib2<3,>=2.3.3; python_version < "3.4" and sys_platform != "win32"->virtualenv)
  Downloading https://files.pythonhosted.org/packages/df/f5/9c052db7bd54d0cbf1bc0bb6554362bba1012d03e5888950a4f5c5dadc4e/scandir-1.10.0.tar.gz
Building wheels for collected packages: scandir
  Running setup.py bdist_wheel for scandir ... done
  Stored in directory: /home/john/.cache/pip/wheels/91/95/75/19c98a91239878abbc7c59970abd3b4e0438a7dd5b61778335
Successfully built scandir
Installing collected packages: contextlib2, zipp, configparser, six, typing, scandir, pathlib2, importlib-metadata, platformdirs, singledispatch, importlib-resources, distlib, filelock, virtualenv
Successfully installed configparser-4.0.2 contextlib2-0.6.0.post1 distlib-0.3.6 filelock-3.2.1 importlib-metadata-2.1.3 importlib-resources-3.3.1 pathlib2-2.3.7.post1 platformdirs-2.0.2 scandir-1.10.0 singledispatch-3.7.0 six-1.16.0 typing-3.10.0.0 virtualenv-20.15.1 zipp-1.2.0
john@ubuntu:~/Documents/GitHub/ESPE-DMT/FlaskApp$ virtualenv env

Command 'virtualenv' not found, but can be installed with:

sudo apt install virtualenv

john@ubuntu:~/Documents/GitHub/ESPE-DMT/FlaskApp$ python3 -m virtualenv env
/usr/bin/python3: No module named virtualenv
john@ubuntu:~/Documents/GitHub/ESPE-DMT/FlaskApp$ pip install virtualenv
Collecting virtualenv
  Using cached https://files.pythonhosted.org/packages/6f/43/df7c7b1b7a5ac4e41fac24c3682c1cc32f2c1d683d308bba2500338d1e3e/virtualenv-20.15.1-py2.py3-none-any.whl
Collecting importlib-metadata>=0.12; python_version < "3.8" (from virtualenv)
  Using cached https://files.pythonhosted.org/packages/cf/b4/877779cd7b5a15536ecbe0655cfb35a0de0ede6d888151fd7356d278c47d/importlib_metadata-2.1.3-py2.py3-none-any.whl
Collecting six<2,>=1.9.0 (from virtualenv)
  Using cached https://files.pythonhosted.org/packages/d9/5a/e7c31adbe875f2abbb91bd84cf2dc52d792b5a01506781dbcf25c91daf11/six-1.16.0-py2.py3-none-any.whl
Collecting platformdirs<3,>=2 (from virtualenv)
  Using cached https://files.pythonhosted.org/packages/12/57/f4e6d433fba8bde239baa65f626a31fc6d0556a2065fcc81aaa0f4f1507b/platformdirs-2.0.2-py2.py3-none-any.whl
Collecting importlib-resources>=1.0; python_version < "3.7" (from virtualenv)
  Using cached https://files.pythonhosted.org/packages/8d/94/2f6ceee0c4e63bff0177c07e68d27c937a19f6bc77c4739755b49f5adb04/importlib_resources-3.3.1-py2.py3-none-any.whl
Collecting distlib<1,>=0.3.1 (from virtualenv)
  Using cached https://files.pythonhosted.org/packages/76/cb/6bbd2b10170ed991cf64e8c8b85e01f2fb38f95d1bc77617569e0b0b26ac/distlib-0.3.6-py2.py3-none-any.whl
Collecting pathlib2<3,>=2.3.3; python_version < "3.4" and sys_platform != "win32" (from virtualenv)
  Using cached https://files.pythonhosted.org/packages/09/eb/4af4bcd5b8731366b676192675221c5324394a580dfae469d498313b5c4a/pathlib2-2.3.7.post1-py2.py3-none-any.whl
Collecting filelock<4,>=3.2 (from virtualenv)
  Using cached https://files.pythonhosted.org/packages/f1/12/585c4d8bef61cd7f9497a021d935ba9fb3127f5e45593c2fcc313897f582/filelock-3.2.1-py2.py3-none-any.whl
Collecting zipp>=0.5 (from importlib-metadata>=0.12; python_version < "3.8"->virtualenv)
  Using cached https://files.pythonhosted.org/packages/96/0a/67556e9b7782df7118c1f49bdc494da5e5e429c93aa77965f33e81287c8c/zipp-1.2.0-py2.py3-none-any.whl
Collecting configparser>=3.5; python_version < "3" (from importlib-metadata>=0.12; python_version < "3.8"->virtualenv)
  Using cached https://files.pythonhosted.org/packages/7a/2a/95ed0501cf5d8709490b1d3a3f9b5cf340da6c433f896bbe9ce08dbe6785/configparser-4.0.2-py2.py3-none-any.whl
Collecting contextlib2; python_version < "3" (from importlib-metadata>=0.12; python_version < "3.8"->virtualenv)
  Using cached https://files.pythonhosted.org/packages/85/60/370352f7ef6aa96c52fb001831622f50f923c1d575427d021b8ab3311236/contextlib2-0.6.0.post1-py2.py3-none-any.whl
Collecting typing; python_version < "3.5" (from importlib-resources>=1.0; python_version < "3.7"->virtualenv)
  Using cached https://files.pythonhosted.org/packages/0b/cb/da856e81731833b94da70a08712f658416266a5fb2a9d9e426c8061becef/typing-3.10.0.0-py2-none-any.whl
Collecting singledispatch; python_version < "3.4" (from importlib-resources>=1.0; python_version < "3.7"->virtualenv)
  Using cached https://files.pythonhosted.org/packages/3f/09/2a17c6505a8373229cb3de6161e3af74ff90afcf4516719aa6cf32fad151/singledispatch-3.7.0-py2.py3-none-any.whl
Collecting scandir; python_version < "3.5" (from pathlib2<3,>=2.3.3; python_version < "3.4" and sys_platform != "win32"->virtualenv)
Installing collected packages: contextlib2, zipp, configparser, six, typing, scandir, pathlib2, importlib-metadata, platformdirs, singledispatch, importlib-resources, distlib, filelock, virtualenv
Successfully installed configparser-4.0.2 contextlib2-0.6.0.post1 distlib-0.3.6 filelock-3.2.1 importlib-metadata-2.1.3 importlib-resources-3.3.1 pathlib2-2.3.7.post1 platformdirs-2.0.2 scandir-1.10.0 singledispatch-3.7.0 six-1.16.0 typing-3.10.0.0 virtualenv-20.15.1 zipp-1.2.0
john@ubuntu:~/Documents/GitHub/ESPE-DMT/FlaskApp$ python3 -m virtualenv env
/usr/bin/python3: No module named virtualenv
john@ubuntu:~/Documents/GitHub/ESPE-DMT/FlaskApp$ python3 pip install virtualenv 
python3: can't open file 'pip': [Errno 2] No such file or directory
john@ubuntu:~/Documents/GitHub/ESPE-DMT/FlaskApp$ pip install virtualenv
Collecting virtualenv
  Using cached https://files.pythonhosted.org/packages/6f/43/df7c7b1b7a5ac4e41fac24c3682c1cc32f2c1d683d308bba2500338d1e3e/virtualenv-20.15.1-py2.py3-none-any.whl
Collecting importlib-metadata>=0.12; python_version < "3.8" (from virtualenv)
  Using cached https://files.pythonhosted.org/packages/cf/b4/877779cd7b5a15536ecbe0655cfb35a0de0ede6d888151fd7356d278c47d/importlib_metadata-2.1.3-py2.py3-none-any.whl
Collecting six<2,>=1.9.0 (from virtualenv)
  Using cached https://files.pythonhosted.org/packages/d9/5a/e7c31adbe875f2abbb91bd84cf2dc52d792b5a01506781dbcf25c91daf11/six-1.16.0-py2.py3-none-any.whl
Collecting platformdirs<3,>=2 (from virtualenv)
  Using cached https://files.pythonhosted.org/packages/12/57/f4e6d433fba8bde239baa65f626a31fc6d0556a2065fcc81aaa0f4f1507b/platformdirs-2.0.2-py2.py3-none-any.whl
Collecting importlib-resources>=1.0; python_version < "3.7" (from virtualenv)
  Using cached https://files.pythonhosted.org/packages/8d/94/2f6ceee0c4e63bff0177c07e68d27c937a19f6bc77c4739755b49f5adb04/importlib_resources-3.3.1-py2.py3-none-any.whl
Collecting distlib<1,>=0.3.1 (from virtualenv)
  Using cached https://files.pythonhosted.org/packages/76/cb/6bbd2b10170ed991cf64e8c8b85e01f2fb38f95d1bc77617569e0b0b26ac/distlib-0.3.6-py2.py3-none-any.whl
Collecting pathlib2<3,>=2.3.3; python_version < "3.4" and sys_platform != "win32" (from virtualenv)
  Using cached https://files.pythonhosted.org/packages/09/eb/4af4bcd5b8731366b676192675221c5324394a580dfae469d498313b5c4a/pathlib2-2.3.7.post1-py2.py3-none-any.whl
Collecting filelock<4,>=3.2 (from virtualenv)
  Using cached https://files.pythonhosted.org/packages/f1/12/585c4d8bef61cd7f9497a021d935ba9fb3127f5e45593c2fcc313897f582/filelock-3.2.1-py2.py3-none-any.whl
Collecting zipp>=0.5 (from importlib-metadata>=0.12; python_version < "3.8"->virtualenv)
  Using cached https://files.pythonhosted.org/packages/96/0a/67556e9b7782df7118c1f49bdc494da5e5e429c93aa77965f33e81287c8c/zipp-1.2.0-py2.py3-none-any.whl
Collecting configparser>=3.5; python_version < "3" (from importlib-metadata>=0.12; python_version < "3.8"->virtualenv)
  Using cached https://files.pythonhosted.org/packages/7a/2a/95ed0501cf5d8709490b1d3a3f9b5cf340da6c433f896bbe9ce08dbe6785/configparser-4.0.2-py2.py3-none-any.whl
Collecting contextlib2; python_version < "3" (from importlib-metadata>=0.12; python_version < "3.8"->virtualenv)
  Using cached https://files.pythonhosted.org/packages/85/60/370352f7ef6aa96c52fb001831622f50f923c1d575427d021b8ab3311236/contextlib2-0.6.0.post1-py2.py3-none-any.whl
Collecting typing; python_version < "3.5" (from importlib-resources>=1.0; python_version < "3.7"->virtualenv)
  Using cached https://files.pythonhosted.org/packages/0b/cb/da856e81731833b94da70a08712f658416266a5fb2a9d9e426c8061becef/typing-3.10.0.0-py2-none-any.whl
Collecting singledispatch; python_version < "3.4" (from importlib-resources>=1.0; python_version < "3.7"->virtualenv)
  Using cached https://files.pythonhosted.org/packages/3f/09/2a17c6505a8373229cb3de6161e3af74ff90afcf4516719aa6cf32fad151/singledispatch-3.7.0-py2.py3-none-any.whl
Collecting scandir; python_version < "3.5" (from pathlib2<3,>=2.3.3; python_version < "3.4" and sys_platform != "win32"->virtualenv)
Installing collected packages: contextlib2, zipp, configparser, six, typing, scandir, pathlib2, importlib-metadata, platformdirs, singledispatch, importlib-resources, distlib, filelock, virtualenv
Successfully installed configparser-4.0.2 contextlib2-0.6.0.post1 distlib-0.3.6 filelock-3.2.1 importlib-metadata-2.1.3 importlib-resources-3.3.1 pathlib2-2.3.7.post1 platformdirs-2.0.2 scandir-1.10.0 singledispatch-3.7.0 six-1.16.0 typing-3.10.0.0 virtualenv-20.15.1 zipp-1.2.0
john@ubuntu:~/Documents/GitHub/ESPE-DMT/FlaskApp$ python3 pip install virtualenvpython3: can't open file 'pip': [Errno 2] No such file or directory
john@ubuntu:~/Documents/GitHub/ESPE-DMT/FlaskApp$ python3 -m virtualenv env
/usr/bin/python3: No module named virtualenv
john@ubuntu:~/Documents/GitHub/ESPE-DMT/FlaskApp$ ^C
john@ubuntu:~/Documents/GitHub/ESPE-DMT/FlaskApp$ sudo -H pip install virtualenvCollecting virtualenv
  Downloading https://files.pythonhosted.org/packages/6f/43/df7c7b1b7a5ac4e41fac24c3682c1cc32f2c1d683d308bba2500338d1e3e/virtualenv-20.15.1-py2.py3-none-any.whl (10.1MB)
    100% || 10.1MB 157kB/s 
Collecting importlib-metadata>=0.12; python_version < "3.8" (from virtualenv)
  Downloading https://files.pythonhosted.org/packages/cf/b4/877779cd7b5a15536ecbe0655cfb35a0de0ede6d888151fd7356d278c47d/importlib_metadata-2.1.3-py2.py3-none-any.whl
Requirement already satisfied: six<2,>=1.9.0 in /usr/lib/python2.7/dist-packages (from virtualenv)
Collecting platformdirs<3,>=2 (from virtualenv)
  Downloading https://files.pythonhosted.org/packages/12/57/f4e6d433fba8bde239baa65f626a31fc6d0556a2065fcc81aaa0f4f1507b/platformdirs-2.0.2-py2.py3-none-any.whl
Collecting importlib-resources>=1.0; python_version < "3.7" (from virtualenv)
  Downloading https://files.pythonhosted.org/packages/8d/94/2f6ceee0c4e63bff0177c07e68d27c937a19f6bc77c4739755b49f5adb04/importlib_resources-3.3.1-py2.py3-none-any.whl
Collecting distlib<1,>=0.3.1 (from virtualenv)
  Downloading https://files.pythonhosted.org/packages/76/cb/6bbd2b10170ed991cf64e8c8b85e01f2fb38f95d1bc77617569e0b0b26ac/distlib-0.3.6-py2.py3-none-any.whl (468kB)
    100% || 471kB 729kB/s 
Collecting pathlib2<3,>=2.3.3; python_version < "3.4" and sys_platform != "win32" (from virtualenv)
  Downloading https://files.pythonhosted.org/packages/09/eb/4af4bcd5b8731366b676192675221c5324394a580dfae469d498313b5c4a/pathlib2-2.3.7.post1-py2.py3-none-any.whl
Collecting filelock<4,>=3.2 (from virtualenv)
  Downloading https://files.pythonhosted.org/packages/f1/12/585c4d8bef61cd7f9497a021d935ba9fb3127f5e45593c2fcc313897f582/filelock-3.2.1-py2.py3-none-any.whl
Collecting zipp>=0.5 (from importlib-metadata>=0.12; python_version < "3.8"->virtualenv)
  Downloading https://files.pythonhosted.org/packages/96/0a/67556e9b7782df7118c1f49bdc494da5e5e429c93aa77965f33e81287c8c/zipp-1.2.0-py2.py3-none-any.whl
Collecting configparser>=3.5; python_version < "3" (from importlib-metadata>=0.12; python_version < "3.8"->virtualenv)
  Downloading https://files.pythonhosted.org/packages/7a/2a/95ed0501cf5d8709490b1d3a3f9b5cf340da6c433f896bbe9ce08dbe6785/configparser-4.0.2-py2.py3-none-any.whl
Collecting contextlib2; python_version < "3" (from importlib-metadata>=0.12; python_version < "3.8"->virtualenv)
  Downloading https://files.pythonhosted.org/packages/85/60/370352f7ef6aa96c52fb001831622f50f923c1d575427d021b8ab3311236/contextlib2-0.6.0.post1-py2.py3-none-any.whl
Collecting typing; python_version < "3.5" (from importlib-resources>=1.0; python_version < "3.7"->virtualenv)
  Downloading https://files.pythonhosted.org/packages/0b/cb/da856e81731833b94da70a08712f658416266a5fb2a9d9e426c8061becef/typing-3.10.0.0-py2-none-any.whl
Collecting singledispatch; python_version < "3.4" (from importlib-resources>=1.0; python_version < "3.7"->virtualenv)
  Downloading https://files.pythonhosted.org/packages/3f/09/2a17c6505a8373229cb3de6161e3af74ff90afcf4516719aa6cf32fad151/singledispatch-3.7.0-py2.py3-none-any.whl
Collecting scandir; python_version < "3.5" (from pathlib2<3,>=2.3.3; python_version < "3.4" and sys_platform != "win32"->virtualenv)
  Downloading https://files.pythonhosted.org/packages/df/f5/9c052db7bd54d0cbf1bc0bb6554362bba1012d03e5888950a4f5c5dadc4e/scandir-1.10.0.tar.gz
Building wheels for collected packages: scandir
  Running setup.py bdist_wheel for scandir ... done
  Stored in directory: /root/.cache/pip/wheels/91/95/75/19c98a91239878abbc7c59970abd3b4e0438a7dd5b61778335
Successfully built scandir
Installing collected packages: contextlib2, zipp, configparser, typing, scandir, pathlib2, importlib-metadata, platformdirs, singledispatch, importlib-resources, distlib, filelock, virtualenv
Successfully installed configparser-4.0.2 contextlib2-0.6.0.post1 distlib-0.3.6 filelock-3.2.1 importlib-metadata-2.1.3 importlib-resources-3.3.1 pathlib2-2.3.7.post1 platformdirs-2.0.2 scandir-1.10.0 singledispatch-3.7.0 typing-3.10.0.0 virtualenv-20.15.1 zipp-1.2.0
john@ubuntu:~/Documents/GitHub/ESPE-DMT/FlaskApp$ python3 -m virtualenv env
/usr/bin/python3: No module named virtualenv
john@ubuntu:~/Documents/GitHub/ESPE-DMT/FlaskApp$ virtualenv env --python=python3
created virtual environment CPython3.6.9.final.0-64 in 459ms
  creator CPython3Posix(dest=/home/john/Documents/GitHub/ESPE-DMT/FlaskApp/env, clear=False, no_vcs_ignore=False, global=False)
  seeder FromAppData(download=False, pip=bundle, wheel=bundle, setuptools=bundle, via=copy, app_data_dir=/home/john/.local/share/virtualenv)
    added seed packages: pip==21.3.1, setuptools==59.6.0, wheel==0.37.1
  activators NushellActivator,PythonActivator,FishActivator,CShellActivator,PowerShellActivator,BashActivator
john@ubuntu:~/Documents/GitHub/ESPE-DMT/FlaskApp$ ac
accept          aconnect        acpid           
accessdb        acpi_available  acpi_listen     
john@ubuntu:~/Documents/GitHub/ESPE-DMT/FlaskApp$ source env/bin/activate
(env) john@ubuntu:~/Documents/GitHub/ESPE-DMT/FlaskApp$ deactivate
john@ubuntu:~/Documents/GitHub/ESPE-DMT/FlaskApp$ source env/bin/activate
(env) john@ubuntu:~/Documents/GitHub/ESPE-DMT/FlaskApp$ pip install flask
Collecting flask
  Downloading Flask-2.0.3-py3-none-any.whl (95 kB)
     || 95 kB 1.2 MB/s            
Collecting click>=7.1.2
  Downloading click-8.0.4-py3-none-any.whl (97 kB)
     || 97 kB 4.5 MB/s             
Collecting Werkzeug>=2.0
  Downloading Werkzeug-2.0.3-py3-none-any.whl (289 kB)
     || 289 kB 6.7 MB/s            
Collecting Jinja2>=3.0
  Downloading Jinja2-3.0.3-py3-none-any.whl (133 kB)
     || 133 kB 10.1 MB/s            
Collecting itsdangerous>=2.0
  Downloading itsdangerous-2.0.1-py3-none-any.whl (18 kB)
Collecting importlib-metadata
  Downloading importlib_metadata-4.8.3-py3-none-any.whl (17 kB)
Collecting MarkupSafe>=2.0
  Downloading MarkupSafe-2.0.1-cp36-cp36m-manylinux_2_5_x86_64.manylinux1_x86_64.manylinux_2_12_x86_64.manylinux2010_x86_64.whl (30 kB)
Collecting dataclasses
  Downloading dataclasses-0.8-py3-none-any.whl (19 kB)
Collecting zipp>=0.5
  Downloading zipp-3.6.0-py3-none-any.whl (5.3 kB)
Collecting typing-extensions>=3.6.4
  Downloading typing_extensions-4.1.1-py3-none-any.whl (26 kB)
Installing collected packages: zipp, typing-extensions, MarkupSafe, importlib-metadata, dataclasses, Werkzeug, Jinja2, itsdangerous, click, flask
Successfully installed Jinja2-3.0.3 MarkupSafe-2.0.1 Werkzeug-2.0.3 click-8.0.4 dataclasses-0.8 flask-2.0.3 importlib-metadata-4.8.3 itsdangerous-2.0.1 typing-extensions-4.1.1 zipp-3.6.0
(env) john@ubuntu:~/Documents/GitHub/ESPE-DMT/FlaskApp$ pip list
Package            Version
------------------ -------
click              8.0.4
dataclasses        0.8
Flask              2.0.3
importlib-metadata 4.8.3
itsdangerous       2.0.1
Jinja2             3.0.3
MarkupSafe         2.0.1
pip                21.3.1
setuptools         59.6.0
typing_extensions  4.1.1
Werkzeug           2.0.3
wheel              0.37.1
zipp               3.6.0
(env) john@ubuntu:~/Documents/GitHub/ESPE-DMT/FlaskApp$ pip install pcapy
Collecting pcapy
  Downloading pcapy-0.11.4.tar.gz (37 kB)
  Preparing metadata (setup.py) ... done
Building wheels for collected packages: pcapy
  Building wheel for pcapy (setup.py) ... error
  ERROR: Command errored out with exit status 1:
   command: /home/john/Documents/GitHub/ESPE-DMT/FlaskApp/env/bin/python -u -c 'import io, os, sys, setuptools, tokenize; sys.argv[0] = '"'"'/tmp/pip-install-r2f32kye/pcapy_2b7957d048ed4419b90e50759aa3dfb4/setup.py'"'"'; __file__='"'"'/tmp/pip-install-r2f32kye/pcapy_2b7957d048ed4419b90e50759aa3dfb4/setup.py'"'"';f = getattr(tokenize, '"'"'open'"'"', open)(__file__) if os.path.exists(__file__) else io.StringIO('"'"'from setuptools import setup; setup()'"'"');code = f.read().replace('"'"'\r\n'"'"', '"'"'\n'"'"');f.close();exec(compile(code, __file__, '"'"'exec'"'"'))' bdist_wheel -d /tmp/pip-wheel-c1p50z25
       cwd: /tmp/pip-install-r2f32kye/pcapy_2b7957d048ed4419b90e50759aa3dfb4/
  Complete output (12 lines):
  running bdist_wheel
  running build
  running build_ext
  building 'pcapy' extension
  creating build
  creating build/temp.linux-x86_64-3.6
  x86_64-linux-gnu-gcc -pthread -DNDEBUG -g -fwrapv -O2 -Wall -g -fstack-protector-strong -Wformat -Werror=format-security -Wdate-time -D_FORTIFY_SOURCE=2 -fPIC -I/home/john/Documents/GitHub/ESPE-DMT/FlaskApp/env/include -I/usr/include/python3.6m -c pcapdumper.cc -o build/temp.linux-x86_64-3.6/pcapdumper.o
  pcapdumper.cc:11:10: fatal error: pcap.h: No such file or directory
   #include <pcap.h>
            ^~~~~~~~
  compilation terminated.
  error: command 'x86_64-linux-gnu-gcc' failed with exit status 1
  ----------------------------------------
  ERROR: Failed building wheel for pcapy
  Running setup.py clean for pcapy
Failed to build pcapy
Installing collected packages: pcapy
    Running setup.py install for pcapy ... error
    ERROR: Command errored out with exit status 1:
     command: /home/john/Documents/GitHub/ESPE-DMT/FlaskApp/env/bin/python -u -c 'import io, os, sys, setuptools, tokenize; sys.argv[0] = '"'"'/tmp/pip-install-r2f32kye/pcapy_2b7957d048ed4419b90e50759aa3dfb4/setup.py'"'"'; __file__='"'"'/tmp/pip-install-r2f32kye/pcapy_2b7957d048ed4419b90e50759aa3dfb4/setup.py'"'"';f = getattr(tokenize, '"'"'open'"'"', open)(__file__) if os.path.exists(__file__) else io.StringIO('"'"'from setuptools import setup; setup()'"'"');code = f.read().replace('"'"'\r\n'"'"', '"'"'\n'"'"');f.close();exec(compile(code, __file__, '"'"'exec'"'"'))' install --record /tmp/pip-record-w743spg_/install-record.txt --single-version-externally-managed --compile --install-headers /home/john/Documents/GitHub/ESPE-DMT/FlaskApp/env/include/site/python3.6/pcapy
         cwd: /tmp/pip-install-r2f32kye/pcapy_2b7957d048ed4419b90e50759aa3dfb4/
    Complete output (14 lines):
    running install
    /home/john/Documents/GitHub/ESPE-DMT/FlaskApp/env/lib/python3.6/site-packages/setuptools/command/install.py:37: SetuptoolsDeprecationWarning: setup.py install is deprecated. Use build and pip and other standards-based tools.
      setuptools.SetuptoolsDeprecationWarning,
    running build
    running build_ext
    building 'pcapy' extension
    creating build
    creating build/temp.linux-x86_64-3.6
    x86_64-linux-gnu-gcc -pthread -DNDEBUG -g -fwrapv -O2 -Wall -g -fstack-protector-strong -Wformat -Werror=format-security -Wdate-time -D_FORTIFY_SOURCE=2 -fPIC -I/home/john/Documents/GitHub/ESPE-DMT/FlaskApp/env/include -I/usr/include/python3.6m -c pcapdumper.cc -o build/temp.linux-x86_64-3.6/pcapdumper.o
    pcapdumper.cc:11:10: fatal error: pcap.h: No such file or directory
     #include <pcap.h>
              ^~~~~~~~
    compilation terminated.
    error: command 'x86_64-linux-gnu-gcc' failed with exit status 1
    ----------------------------------------
ERROR: Command errored out with exit status 1: /home/john/Documents/GitHub/ESPE-DMT/FlaskApp/env/bin/python -u -c 'import io, os, sys, setuptools, tokenize; sys.argv[0] = '"'"'/tmp/pip-install-r2f32kye/pcapy_2b7957d048ed4419b90e50759aa3dfb4/setup.py'"'"'; __file__='"'"'/tmp/pip-install-r2f32kye/pcapy_2b7957d048ed4419b90e50759aa3dfb4/setup.py'"'"';f = getattr(tokenize, '"'"'open'"'"', open)(__file__) if os.path.exists(__file__) else io.StringIO('"'"'from setuptools import setup; setup()'"'"');code = f.read().replace('"'"'\r\n'"'"', '"'"'\n'"'"');f.close();exec(compile(code, __file__, '"'"'exec'"'"'))' install --record /tmp/pip-record-w743spg_/install-record.txt --single-version-externally-managed --compile --install-headers /home/john/Documents/GitHub/ESPE-DMT/FlaskApp/env/include/site/python3.6/pcapy Check the logs for full command output.
(env) john@ubuntu:~/Documents/GitHub/ESPE-DMT/FlaskApp$ sudo apt-get install -y python-pcapy
Reading package lists... Done
Building dependency tree       
Reading state information... Done
The following additional packages will be installed:
  python-impacket python-pyasn1
Suggested packages:
  doc-base
The following NEW packages will be installed:
  python-impacket python-pcapy python-pyasn1
0 upgraded, 3 newly installed, 0 to remove and 2 not upgraded.
Need to get 754 kB of archives.
After this operation, 5,510 kB of additional disk space will be used.
Get:1 http://us.archive.ubuntu.com/ubuntu bionic/universe amd64 python-pcapy amd64 0.10.8-1build1 [22.0 kB]
Get:2 http://us.archive.ubuntu.com/ubuntu bionic/main amd64 python-pyasn1 all 0.4.2-3 [46.7 kB]
Get:3 http://us.archive.ubuntu.com/ubuntu bionic/universe amd64 python-impacket all 0.9.15-1 [685 kB]
Ign:3 http://us.archive.ubuntu.com/ubuntu bionic/universe amd64 python-impacket all 0.9.15-1
Err:3 http://us.archive.ubuntu.com/ubuntu bionic/universe amd64 python-impacket all 0.9.15-1
  499  Request has been forbidden by antivirus [IP: 91.189.91.39 80]
Fetched 68.7 kB in 6s (11.4 kB/s)                                                                                                            
E: Failed to fetch http://us.archive.ubuntu.com/ubuntu/pool/universe/i/impacket/python-impacket_0.9.15-1_all.deb  499  Request has been forbidden by antivirus [IP: 91.189.91.39 80]
E: Unable to fetch some archives, maybe run apt-get update or try with --fix-missing?
(env) john@ubuntu:~/Documents/GitHub/ESPE-DMT/FlaskApp$ pip list
Package            Version
------------------ -------
click              8.0.4
dataclasses        0.8
Flask              2.0.3
importlib-metadata 4.8.3
itsdangerous       2.0.1
Jinja2             3.0.3
MarkupSafe         2.0.1
pip                21.3.1
setuptools         59.6.0
typing_extensions  4.1.1
Werkzeug           2.0.3
wheel              0.37.1
zipp               3.6.0
(env) john@ubuntu:~/Documents/GitHub/ESPE-DMT/FlaskApp$ cd ..
(env) john@ubuntu:~/Documents/GitHub/ESPE-DMT$ ls
FlaskApp  flowAnalizer  readingAlgorithm  README.md
(env) john@ubuntu:~/Documents/GitHub/ESPE-DMT$ cd flowAnalizer/
(env) john@ubuntu:~/Documents/GitHub/ESPE-DMT/flowAnalizer$ python flowRecorder.py -d b -i Ethernet -o results3.csv
Traceback (most recent call last):
  File "flowRecorder.py", line 32, in <module>
    import coloredlogs
ModuleNotFoundError: No module named 'coloredlogs'
(env) john@ubuntu:~/Documents/GitHub/ESPE-DMT/flowAnalizer$ python3 flowRecorder.py -d b -i Ethernet -o results3.csv
Traceback (most recent call last):
  File "flowRecorder.py", line 32, in <module>
    import coloredlogs
ModuleNotFoundError: No module named 'coloredlogs'
(env) john@ubuntu:~/Documents/GitHub/ESPE-DMT/flowAnalizer$ pip install coloredlogs
Collecting coloredlogs
  Downloading coloredlogs-15.0.1-py2.py3-none-any.whl (46 kB)
     || 46 kB 597 kB/s             
Collecting humanfriendly>=9.1
  Downloading humanfriendly-10.0-py2.py3-none-any.whl (86 kB)
     || 86 kB 1.6 MB/s             
Installing collected packages: humanfriendly, coloredlogs
Successfully installed coloredlogs-15.0.1 humanfriendly-10.0
(env) john@ubuntu:~/Documents/GitHub/ESPE-DMT/flowAnalizer$ python3 flowRecorder.py -d b -i Ethernet -o results3.csv
Traceback (most recent call last):
  File "flowRecorder.py", line 35, in <module>
    import pcapy
ModuleNotFoundError: No module named 'pcapy'
(env) john@ubuntu:~/Documents/GitHub/ESPE-DMT/flowAnalizer$ pip install pcapy
Collecting pcapy
  Using cached pcapy-0.11.4.tar.gz (37 kB)
  Preparing metadata (setup.py) ... done
Building wheels for collected packages: pcapy
  Building wheel for pcapy (setup.py) ... error
  ERROR: Command errored out with exit status 1:
   command: /home/john/Documents/GitHub/ESPE-DMT/FlaskApp/env/bin/python -u -c 'import io, os, sys, setuptools, tokenize; sys.argv[0] = '"'"'/tmp/pip-install-_vnkhg5m/pcapy_8304c6d6b63e41dba7459b69270c4d7b/setup.py'"'"'; __file__='"'"'/tmp/pip-install-_vnkhg5m/pcapy_8304c6d6b63e41dba7459b69270c4d7b/setup.py'"'"';f = getattr(tokenize, '"'"'open'"'"', open)(__file__) if os.path.exists(__file__) else io.StringIO('"'"'from setuptools import setup; setup()'"'"');code = f.read().replace('"'"'\r\n'"'"', '"'"'\n'"'"');f.close();exec(compile(code, __file__, '"'"'exec'"'"'))' bdist_wheel -d /tmp/pip-wheel-raf7qeas
       cwd: /tmp/pip-install-_vnkhg5m/pcapy_8304c6d6b63e41dba7459b69270c4d7b/
  Complete output (12 lines):
  running bdist_wheel
  running build
  running build_ext
  building 'pcapy' extension
  creating build
  creating build/temp.linux-x86_64-3.6
  x86_64-linux-gnu-gcc -pthread -DNDEBUG -g -fwrapv -O2 -Wall -g -fstack-protector-strong -Wformat -Werror=format-security -Wdate-time -D_FORTIFY_SOURCE=2 -fPIC -I/home/john/Documents/GitHub/ESPE-DMT/FlaskApp/env/include -I/usr/include/python3.6m -c pcapdumper.cc -o build/temp.linux-x86_64-3.6/pcapdumper.o
  pcapdumper.cc:11:10: fatal error: pcap.h: No such file or directory
   #include <pcap.h>
            ^~~~~~~~
  compilation terminated.
  error: command 'x86_64-linux-gnu-gcc' failed with exit status 1
  ----------------------------------------
  ERROR: Failed building wheel for pcapy
  Running setup.py clean for pcapy
Failed to build pcapy
Installing collected packages: pcapy
    Running setup.py install for pcapy ... error
    ERROR: Command errored out with exit status 1:
     command: /home/john/Documents/GitHub/ESPE-DMT/FlaskApp/env/bin/python -u -c 'import io, os, sys, setuptools, tokenize; sys.argv[0] = '"'"'/tmp/pip-install-_vnkhg5m/pcapy_8304c6d6b63e41dba7459b69270c4d7b/setup.py'"'"'; __file__='"'"'/tmp/pip-install-_vnkhg5m/pcapy_8304c6d6b63e41dba7459b69270c4d7b/setup.py'"'"';f = getattr(tokenize, '"'"'open'"'"', open)(__file__) if os.path.exists(__file__) else io.StringIO('"'"'from setuptools import setup; setup()'"'"');code = f.read().replace('"'"'\r\n'"'"', '"'"'\n'"'"');f.close();exec(compile(code, __file__, '"'"'exec'"'"'))' install --record /tmp/pip-record-dxtfpmeb/install-record.txt --single-version-externally-managed --compile --install-headers /home/john/Documents/GitHub/ESPE-DMT/FlaskApp/env/include/site/python3.6/pcapy
         cwd: /tmp/pip-install-_vnkhg5m/pcapy_8304c6d6b63e41dba7459b69270c4d7b/
    Complete output (14 lines):
    running install
    /home/john/Documents/GitHub/ESPE-DMT/FlaskApp/env/lib/python3.6/site-packages/setuptools/command/install.py:37: SetuptoolsDeprecationWarning: setup.py install is deprecated. Use build and pip and other standards-based tools.
      setuptools.SetuptoolsDeprecationWarning,
    running build
    running build_ext
    building 'pcapy' extension
    creating build
    creating build/temp.linux-x86_64-3.6
    x86_64-linux-gnu-gcc -pthread -DNDEBUG -g -fwrapv -O2 -Wall -g -fstack-protector-strong -Wformat -Werror=format-security -Wdate-time -D_FORTIFY_SOURCE=2 -fPIC -I/home/john/Documents/GitHub/ESPE-DMT/FlaskApp/env/include -I/usr/include/python3.6m -c pcapdumper.cc -o build/temp.linux-x86_64-3.6/pcapdumper.o
    pcapdumper.cc:11:10: fatal error: pcap.h: No such file or directory
     #include <pcap.h>
              ^~~~~~~~
    compilation terminated.
    error: command 'x86_64-linux-gnu-gcc' failed with exit status 1
    ----------------------------------------
ERROR: Command errored out with exit status 1: /home/john/Documents/GitHub/ESPE-DMT/FlaskApp/env/bin/python -u -c 'import io, os, sys, setuptools, tokenize; sys.argv[0] = '"'"'/tmp/pip-install-_vnkhg5m/pcapy_8304c6d6b63e41dba7459b69270c4d7b/setup.py'"'"'; __file__='"'"'/tmp/pip-install-_vnkhg5m/pcapy_8304c6d6b63e41dba7459b69270c4d7b/setup.py'"'"';f = getattr(tokenize, '"'"'open'"'"', open)(__file__) if os.path.exists(__file__) else io.StringIO('"'"'from setuptools import setup; setup()'"'"');code = f.read().replace('"'"'\r\n'"'"', '"'"'\n'"'"');f.close();exec(compile(code, __file__, '"'"'exec'"'"'))' install --record /tmp/pip-record-dxtfpmeb/install-record.txt --single-version-externally-managed --compile --install-headers /home/john/Documents/GitHub/ESPE-DMT/FlaskApp/env/include/site/python3.6/pcapy Check the logs for full command output.
(env) john@ubuntu:~/Documents/GitHub/ESPE-DMT/flowAnalizer$ python3 flowRecorder.py -d b -i Ethernet -o results3.csv
Traceback (most recent call last):
  File "flowRecorder.py", line 35, in <module>
    import pcapy
ModuleNotFoundError: No module named 'pcapy'
(env) john@ubuntu:~/Documents/GitHub/ESPE-DMT/flowAnalizer$ pip install python-pcapy
ERROR: Could not find a version that satisfies the requirement python-pcapy (from versions: none)
ERROR: No matching distribution found for python-pcapy
(env) john@ubuntu:~/Documents/GitHub/ESPE-DMT/flowAnalizer$ pip install pcapy
Collecting pcapy
  Using cached pcapy-0.11.4.tar.gz (37 kB)
  Preparing metadata (setup.py) ... done
Building wheels for collected packages: pcapy
  Building wheel for pcapy (setup.py) ... error
  ERROR: Command errored out with exit status 1:
   command: /home/john/Documents/GitHub/ESPE-DMT/FlaskApp/env/bin/python -u -c 'import io, os, sys, setuptools, tokenize; sys.argv[0] = '"'"'/tmp/pip-install-cq_6akvv/pcapy_3e121770e3ae4dab95aa260fdf85aa26/setup.py'"'"'; __file__='"'"'/tmp/pip-install-cq_6akvv/pcapy_3e121770e3ae4dab95aa260fdf85aa26/setup.py'"'"';f = getattr(tokenize, '"'"'open'"'"', open)(__file__) if os.path.exists(__file__) else io.StringIO('"'"'from setuptools import setup; setup()'"'"');code = f.read().replace('"'"'\r\n'"'"', '"'"'\n'"'"');f.close();exec(compile(code, __file__, '"'"'exec'"'"'))' bdist_wheel -d /tmp/pip-wheel-twrihg_8
       cwd: /tmp/pip-install-cq_6akvv/pcapy_3e121770e3ae4dab95aa260fdf85aa26/
  Complete output (12 lines):
  running bdist_wheel
  running build
  running build_ext
  building 'pcapy' extension
  creating build
  creating build/temp.linux-x86_64-3.6
  x86_64-linux-gnu-gcc -pthread -DNDEBUG -g -fwrapv -O2 -Wall -g -fstack-protector-strong -Wformat -Werror=format-security -Wdate-time -D_FORTIFY_SOURCE=2 -fPIC -I/home/john/Documents/GitHub/ESPE-DMT/FlaskApp/env/include -I/usr/include/python3.6m -c pcapdumper.cc -o build/temp.linux-x86_64-3.6/pcapdumper.o
  pcapdumper.cc:11:10: fatal error: pcap.h: No such file or directory
   #include <pcap.h>
            ^~~~~~~~
  compilation terminated.
  error: command 'x86_64-linux-gnu-gcc' failed with exit status 1
  ----------------------------------------
  ERROR: Failed building wheel for pcapy
  Running setup.py clean for pcapy
Failed to build pcapy
Installing collected packages: pcapy
    Running setup.py install for pcapy ... error
    ERROR: Command errored out with exit status 1:
     command: /home/john/Documents/GitHub/ESPE-DMT/FlaskApp/env/bin/python -u -c 'import io, os, sys, setuptools, tokenize; sys.argv[0] = '"'"'/tmp/pip-install-cq_6akvv/pcapy_3e121770e3ae4dab95aa260fdf85aa26/setup.py'"'"'; __file__='"'"'/tmp/pip-install-cq_6akvv/pcapy_3e121770e3ae4dab95aa260fdf85aa26/setup.py'"'"';f = getattr(tokenize, '"'"'open'"'"', open)(__file__) if os.path.exists(__file__) else io.StringIO('"'"'from setuptools import setup; setup()'"'"');code = f.read().replace('"'"'\r\n'"'"', '"'"'\n'"'"');f.close();exec(compile(code, __file__, '"'"'exec'"'"'))' install --record /tmp/pip-record-ev3pzn80/install-record.txt --single-version-externally-managed --compile --install-headers /home/john/Documents/GitHub/ESPE-DMT/FlaskApp/env/include/site/python3.6/pcapy
         cwd: /tmp/pip-install-cq_6akvv/pcapy_3e121770e3ae4dab95aa260fdf85aa26/
    Complete output (14 lines):
    running install
    /home/john/Documents/GitHub/ESPE-DMT/FlaskApp/env/lib/python3.6/site-packages/setuptools/command/install.py:37: SetuptoolsDeprecationWarning: setup.py install is deprecated. Use build and pip and other standards-based tools.
      setuptools.SetuptoolsDeprecationWarning,
    running build
    running build_ext
    building 'pcapy' extension
    creating build
    creating build/temp.linux-x86_64-3.6
    x86_64-linux-gnu-gcc -pthread -DNDEBUG -g -fwrapv -O2 -Wall -g -fstack-protector-strong -Wformat -Werror=format-security -Wdate-time -D_FORTIFY_SOURCE=2 -fPIC -I/home/john/Documents/GitHub/ESPE-DMT/FlaskApp/env/include -I/usr/include/python3.6m -c pcapdumper.cc -o build/temp.linux-x86_64-3.6/pcapdumper.o
    pcapdumper.cc:11:10: fatal error: pcap.h: No such file or directory
     #include <pcap.h>
              ^~~~~~~~
    compilation terminated.
    error: command 'x86_64-linux-gnu-gcc' failed with exit status 1
    ----------------------------------------
ERROR: Command errored out with exit status 1: /home/john/Documents/GitHub/ESPE-DMT/FlaskApp/env/bin/python -u -c 'import io, os, sys, setuptools, tokenize; sys.argv[0] = '"'"'/tmp/pip-install-cq_6akvv/pcapy_3e121770e3ae4dab95aa260fdf85aa26/setup.py'"'"'; __file__='"'"'/tmp/pip-install-cq_6akvv/pcapy_3e121770e3ae4dab95aa260fdf85aa26/setup.py'"'"';f = getattr(tokenize, '"'"'open'"'"', open)(__file__) if os.path.exists(__file__) else io.StringIO('"'"'from setuptools import setup; setup()'"'"');code = f.read().replace('"'"'\r\n'"'"', '"'"'\n'"'"');f.close();exec(compile(code, __file__, '"'"'exec'"'"'))' install --record /tmp/pip-record-ev3pzn80/install-record.txt --single-version-externally-managed --compile --install-headers /home/john/Documents/GitHub/ESPE-DMT/FlaskApp/env/include/site/python3.6/pcapy Check the logs for full command output.
(env) john@ubuntu:~/Documents/GitHub/ESPE-DMT/flowAnalizer$ ^C
(env) john@ubuntu:~/Documents/GitHub/ESPE-DMT/flowAnalizer$ pip install pipwin && pipwin install pyaudio
Collecting pipwin
  Downloading pipwin-0.5.2.tar.gz (7.9 kB)
  Preparing metadata (setup.py) ... done
Collecting docopt
  Downloading docopt-0.6.2.tar.gz (25 kB)
  Preparing metadata (setup.py) ... done
Collecting requests
  Downloading requests-2.27.1-py2.py3-none-any.whl (63 kB)
     || 63 kB 168 kB/s            
Collecting pyprind
  Downloading PyPrind-2.11.3-py2.py3-none-any.whl (8.4 kB)
Collecting six
  Using cached six-1.16.0-py2.py3-none-any.whl (11 kB)
Collecting beautifulsoup4>=4.9.0
  Downloading beautifulsoup4-4.11.1-py3-none-any.whl (128 kB)
     || 128 kB 654 kB/s            
Collecting js2py
  Downloading Js2Py-0.74-py3-none-any.whl (1.0 MB)
     || 1.0 MB 1.4 MB/s            
Collecting packaging
  Downloading packaging-21.3-py3-none-any.whl (40 kB)
     || 40 kB 3.7 MB/s            
Collecting pySmartDL>=1.3.1
  Downloading pySmartDL-1.3.4-py3-none-any.whl (20 kB)
Collecting soupsieve>1.2
  Downloading soupsieve-2.3.2.post1-py3-none-any.whl (37 kB)
Collecting pyjsparser>=2.5.1
  Downloading pyjsparser-2.7.1.tar.gz (24 kB)
  Preparing metadata (setup.py) ... done
Collecting tzlocal>=1.2
  Downloading tzlocal-4.2-py3-none-any.whl (19 kB)
Collecting pyparsing!=3.0.5,>=2.0.2
  Downloading pyparsing-3.0.9-py3-none-any.whl (98 kB)
     || 98 kB 3.0 MB/s            
Collecting urllib3<1.27,>=1.21.1
  Downloading urllib3-1.26.14-py2.py3-none-any.whl (140 kB)
     || 140 kB 2.6 MB/s            
Collecting certifi>=2017.4.17
  Downloading certifi-2022.12.7-py3-none-any.whl (155 kB)
     || 155 kB 4.5 MB/s            
Collecting idna<4,>=2.5
  Downloading idna-3.4-py3-none-any.whl (61 kB)
     || 61 kB 281 kB/s            
Collecting charset-normalizer~=2.0.0
  Downloading charset_normalizer-2.0.12-py3-none-any.whl (39 kB)
Collecting pytz-deprecation-shim
  Downloading pytz_deprecation_shim-0.1.0.post0-py2.py3-none-any.whl (15 kB)
Collecting backports.zoneinfo
  Downloading backports.zoneinfo-0.2.1-cp36-cp36m-manylinux1_x86_64.whl (70 kB)
     || 70 kB 2.6 MB/s            
Collecting importlib-resources
  Downloading importlib_resources-5.4.0-py3-none-any.whl (28 kB)
Collecting tzdata
  Downloading tzdata-2022.7-py2.py3-none-any.whl (340 kB)
     || 340 kB 2.7 MB/s            
Requirement already satisfied: zipp>=3.1.0 in /home/john/Documents/GitHub/ESPE-DMT/FlaskApp/env/lib/python3.6/site-packages (from importlib-resources->backports.zoneinfo->tzlocal>=1.2->js2py->pipwin) (3.6.0)
Building wheels for collected packages: pipwin, docopt, pyjsparser
  Building wheel for pipwin (setup.py) ... done
  Created wheel for pipwin: filename=pipwin-0.5.2-py2.py3-none-any.whl size=8791 sha256=bf51b9ea605af80da8bf4fa584df94c63d8781b965282b428471f6b4c38337b1
  Stored in directory: /home/john/.cache/pip/wheels/27/8b/07/5cfa15ba505f1b4134b5f71e2247d4759dda2b7019427c1ceb
  Building wheel for docopt (setup.py) ... done
  Created wheel for docopt: filename=docopt-0.6.2-py2.py3-none-any.whl size=13723 sha256=4d7cd56f2c45414f1e4879b79a47bb47c2b184c5c1c4d89a039510e3b9b62e2b
  Stored in directory: /home/john/.cache/pip/wheels/3f/2a/fa/4d7a888e69774d5e6e855d190a8a51b357d77cc05eb1c097c9
  Building wheel for pyjsparser (setup.py) ... done
  Created wheel for pyjsparser: filename=pyjsparser-2.7.1-py3-none-any.whl size=26000 sha256=1a21279262fb1acab4c8a2ba87fe7ca597ef7c044a59e77e30f525e22fe14132
  Stored in directory: /home/john/.cache/pip/wheels/e7/06/5e/07d4be567d13f4363f2aeb50acf04b6aae54ba835ef9586071
Successfully built pipwin docopt pyjsparser
Installing collected packages: importlib-resources, tzdata, backports.zoneinfo, pytz-deprecation-shim, urllib3, tzlocal, soupsieve, six, pyparsing, pyjsparser, idna, charset-normalizer, certifi, requests, pySmartDL, pyprind, packaging, js2py, docopt, beautifulsoup4, pipwin
Successfully installed backports.zoneinfo-0.2.1 beautifulsoup4-4.11.1 certifi-2022.12.7 charset-normalizer-2.0.12 docopt-0.6.2 idna-3.4 importlib-resources-5.4.0 js2py-0.74 packaging-21.3 pipwin-0.5.2 pySmartDL-1.3.4 pyjsparser-2.7.1 pyparsing-3.0.9 pyprind-2.11.3 pytz-deprecation-shim-0.1.0.post0 requests-2.27.1 six-1.16.0 soupsieve-2.3.2.post1 tzdata-2022.7 tzlocal-4.2 urllib3-1.26.14
/home/john/Documents/GitHub/ESPE-DMT/FlaskApp/env/lib/python3.6/site-packages/pipwin/command.py:66: UserWarning: Found a non Windows system. Package installation might not work.
  warn("Found a non Windows system. Package installation might not work.")
Building cache. Hang on . . .
Traceback (most recent call last):
  File "/home/john/Documents/GitHub/ESPE-DMT/FlaskApp/env/lib/python3.6/site-packages/urllib3/connectionpool.py", line 710, in urlopen
    chunked=chunked,
  File "/home/john/Documents/GitHub/ESPE-DMT/FlaskApp/env/lib/python3.6/site-packages/urllib3/connectionpool.py", line 386, in _make_request
    self._validate_conn(conn)
  File "/home/john/Documents/GitHub/ESPE-DMT/FlaskApp/env/lib/python3.6/site-packages/urllib3/connectionpool.py", line 1042, in _validate_conn
    conn.connect()
  File "/home/john/Documents/GitHub/ESPE-DMT/FlaskApp/env/lib/python3.6/site-packages/urllib3/connection.py", line 424, in connect
    tls_in_tls=tls_in_tls,
  File "/home/john/Documents/GitHub/ESPE-DMT/FlaskApp/env/lib/python3.6/site-packages/urllib3/util/ssl_.py", line 450, in ssl_wrap_socket
    sock, context, tls_in_tls, server_hostname=server_hostname
  File "/home/john/Documents/GitHub/ESPE-DMT/FlaskApp/env/lib/python3.6/site-packages/urllib3/util/ssl_.py", line 493, in _ssl_wrap_socket_impl
    return ssl_context.wrap_socket(sock, server_hostname=server_hostname)
  File "/usr/lib/python3.6/ssl.py", line 407, in wrap_socket
    _context=self, _session=session)
  File "/usr/lib/python3.6/ssl.py", line 817, in __init__
    self.do_handshake()
  File "/usr/lib/python3.6/ssl.py", line 1077, in do_handshake
    self._sslobj.do_handshake()
  File "/usr/lib/python3.6/ssl.py", line 689, in do_handshake
    self._sslobj.do_handshake()
ssl.SSLError: [SSL: CERTIFICATE_VERIFY_FAILED] certificate verify failed (_ssl.c:852)

During handling of the above exception, another exception occurred:

Traceback (most recent call last):
  File "/home/john/Documents/GitHub/ESPE-DMT/FlaskApp/env/lib/python3.6/site-packages/requests/adapters.py", line 450, in send
    timeout=timeout
  File "/home/john/Documents/GitHub/ESPE-DMT/FlaskApp/env/lib/python3.6/site-packages/urllib3/connectionpool.py", line 788, in urlopen
    method, url, error=e, _pool=self, _stacktrace=sys.exc_info()[2]
  File "/home/john/Documents/GitHub/ESPE-DMT/FlaskApp/env/lib/python3.6/site-packages/urllib3/util/retry.py", line 592, in increment
    raise MaxRetryError(_pool, url, error or ResponseError(cause))
urllib3.exceptions.MaxRetryError: HTTPSConnectionPool(host='www.lfd.uci.edu', port=443): Max retries exceeded with url: /~gohlke/pythonlibs/ (Caused by SSLError(SSLError(1, '[SSL: CERTIFICATE_VERIFY_FAILED] certificate verify failed (_ssl.c:852)'),))

During handling of the above exception, another exception occurred:

Traceback (most recent call last):
  File "/home/john/Documents/GitHub/ESPE-DMT/FlaskApp/env/bin/pipwin", line 8, in <module>
    sys.exit(main())
  File "/home/john/Documents/GitHub/ESPE-DMT/FlaskApp/env/lib/python3.6/site-packages/pipwin/command.py", line 84, in main
    cache = pipwin.PipwinCache()
  File "/home/john/Documents/GitHub/ESPE-DMT/FlaskApp/env/lib/python3.6/site-packages/pipwin/pipwin.py", line 210, in __init__
    self.data = build_cache()
  File "/home/john/Documents/GitHub/ESPE-DMT/FlaskApp/env/lib/python3.6/site-packages/pipwin/pipwin.py", line 86, in build_cache
    response = requests.request("GET", MAIN_URL, headers=HEADER)
  File "/home/john/Documents/GitHub/ESPE-DMT/FlaskApp/env/lib/python3.6/site-packages/requests/api.py", line 61, in request
    return session.request(method=method, url=url, **kwargs)
  File "/home/john/Documents/GitHub/ESPE-DMT/FlaskApp/env/lib/python3.6/site-packages/requests/sessions.py", line 529, in request
    resp = self.send(prep, **send_kwargs)
  File "/home/john/Documents/GitHub/ESPE-DMT/FlaskApp/env/lib/python3.6/site-packages/requests/sessions.py", line 667, in send
    history = [resp for resp in gen]
  File "/home/john/Documents/GitHub/ESPE-DMT/FlaskApp/env/lib/python3.6/site-packages/requests/sessions.py", line 667, in <listcomp>
    history = [resp for resp in gen]
  File "/home/john/Documents/GitHub/ESPE-DMT/FlaskApp/env/lib/python3.6/site-packages/requests/sessions.py", line 245, in resolve_redirects
    **adapter_kwargs
  File "/home/john/Documents/GitHub/ESPE-DMT/FlaskApp/env/lib/python3.6/site-packages/requests/sessions.py", line 645, in send
    r = adapter.send(request, **kwargs)
  File "/home/john/Documents/GitHub/ESPE-DMT/FlaskApp/env/lib/python3.6/site-packages/requests/adapters.py", line 517, in send
    raise SSLError(e, request=request)
requests.exceptions.SSLError: HTTPSConnectionPool(host='www.lfd.uci.edu', port=443): Max retries exceeded with url: /~gohlke/pythonlibs/ (Caused by SSLError(SSLError(1, '[SSL: CERTIFICATE_VERIFY_FAILED] certificate verify failed (_ssl.c:852)'),))
(env) john@ubuntu:~/Documents/GitHub/ESPE-DMT/flowAnalizer$ pip install pcapy
Collecting pcapy
  Using cached pcapy-0.11.4.tar.gz (37 kB)
  Preparing metadata (setup.py) ... done
Building wheels for collected packages: pcapy
  Building wheel for pcapy (setup.py) ... error
  ERROR: Command errored out with exit status 1:
   command: /home/john/Documents/GitHub/ESPE-DMT/FlaskApp/env/bin/python -u -c 'import io, os, sys, setuptools, tokenize; sys.argv[0] = '"'"'/tmp/pip-install-sjzvvup7/pcapy_e702b80e4de9449e997423fe36af157f/setup.py'"'"'; __file__='"'"'/tmp/pip-install-sjzvvup7/pcapy_e702b80e4de9449e997423fe36af157f/setup.py'"'"';f = getattr(tokenize, '"'"'open'"'"', open)(__file__) if os.path.exists(__file__) else io.StringIO('"'"'from setuptools import setup; setup()'"'"');code = f.read().replace('"'"'\r\n'"'"', '"'"'\n'"'"');f.close();exec(compile(code, __file__, '"'"'exec'"'"'))' bdist_wheel -d /tmp/pip-wheel-7gx9xs4h
       cwd: /tmp/pip-install-sjzvvup7/pcapy_e702b80e4de9449e997423fe36af157f/
  Complete output (12 lines):
  running bdist_wheel
  running build
  running build_ext
  building 'pcapy' extension
  creating build
  creating build/temp.linux-x86_64-3.6
  x86_64-linux-gnu-gcc -pthread -DNDEBUG -g -fwrapv -O2 -Wall -g -fstack-protector-strong -Wformat -Werror=format-security -Wdate-time -D_FORTIFY_SOURCE=2 -fPIC -I/home/john/Documents/GitHub/ESPE-DMT/FlaskApp/env/include -I/usr/include/python3.6m -c pcapdumper.cc -o build/temp.linux-x86_64-3.6/pcapdumper.o
  pcapdumper.cc:11:10: fatal error: pcap.h: No such file or directory
   #include <pcap.h>
            ^~~~~~~~
  compilation terminated.
  error: command 'x86_64-linux-gnu-gcc' failed with exit status 1
  ----------------------------------------
  ERROR: Failed building wheel for pcapy
  Running setup.py clean for pcapy
Failed to build pcapy
Installing collected packages: pcapy
    Running setup.py install for pcapy ... error
    ERROR: Command errored out with exit status 1:
     command: /home/john/Documents/GitHub/ESPE-DMT/FlaskApp/env/bin/python -u -c 'import io, os, sys, setuptools, tokenize; sys.argv[0] = '"'"'/tmp/pip-install-sjzvvup7/pcapy_e702b80e4de9449e997423fe36af157f/setup.py'"'"'; __file__='"'"'/tmp/pip-install-sjzvvup7/pcapy_e702b80e4de9449e997423fe36af157f/setup.py'"'"';f = getattr(tokenize, '"'"'open'"'"', open)(__file__) if os.path.exists(__file__) else io.StringIO('"'"'from setuptools import setup; setup()'"'"');code = f.read().replace('"'"'\r\n'"'"', '"'"'\n'"'"');f.close();exec(compile(code, __file__, '"'"'exec'"'"'))' install --record /tmp/pip-record-fys34o57/install-record.txt --single-version-externally-managed --compile --install-headers /home/john/Documents/GitHub/ESPE-DMT/FlaskApp/env/include/site/python3.6/pcapy
         cwd: /tmp/pip-install-sjzvvup7/pcapy_e702b80e4de9449e997423fe36af157f/
    Complete output (14 lines):
    running install
    /home/john/Documents/GitHub/ESPE-DMT/FlaskApp/env/lib/python3.6/site-packages/setuptools/command/install.py:37: SetuptoolsDeprecationWarning: setup.py install is deprecated. Use build and pip and other standards-based tools.
      setuptools.SetuptoolsDeprecationWarning,
    running build
    running build_ext
    building 'pcapy' extension
    creating build
    creating build/temp.linux-x86_64-3.6
    x86_64-linux-gnu-gcc -pthread -DNDEBUG -g -fwrapv -O2 -Wall -g -fstack-protector-strong -Wformat -Werror=format-security -Wdate-time -D_FORTIFY_SOURCE=2 -fPIC -I/home/john/Documents/GitHub/ESPE-DMT/FlaskApp/env/include -I/usr/include/python3.6m -c pcapdumper.cc -o build/temp.linux-x86_64-3.6/pcapdumper.o
    pcapdumper.cc:11:10: fatal error: pcap.h: No such file or directory
     #include <pcap.h>
              ^~~~~~~~
    compilation terminated.
    error: command 'x86_64-linux-gnu-gcc' failed with exit status 1
    ----------------------------------------
ERROR: Command errored out with exit status 1: /home/john/Documents/GitHub/ESPE-DMT/FlaskApp/env/bin/python -u -c 'import io, os, sys, setuptools, tokenize; sys.argv[0] = '"'"'/tmp/pip-install-sjzvvup7/pcapy_e702b80e4de9449e997423fe36af157f/setup.py'"'"'; __file__='"'"'/tmp/pip-install-sjzvvup7/pcapy_e702b80e4de9449e997423fe36af157f/setup.py'"'"';f = getattr(tokenize, '"'"'open'"'"', open)(__file__) if os.path.exists(__file__) else io.StringIO('"'"'from setuptools import setup; setup()'"'"');code = f.read().replace('"'"'\r\n'"'"', '"'"'\n'"'"');f.close();exec(compile(code, __file__, '"'"'exec'"'"'))' install --record /tmp/pip-record-fys34o57/install-record.txt --single-version-externally-managed --compile --install-headers /home/john/Documents/GitHub/ESPE-DMT/FlaskApp/env/include/site/python3.6/pcapy Check the logs for full command output.
(env) john@ubuntu:~/Documents/GitHub/ESPE-DMT/flowAnalizer$ pip install scikit-learn
Collecting scikit-learn
  Downloading scikit_learn-0.24.2-cp36-cp36m-manylinux2010_x86_64.whl (22.2 MB)
     || 22.2 MB 3.0 MB/s            
Collecting joblib>=0.11
  Downloading joblib-1.1.1-py2.py3-none-any.whl (309 kB)
     || 309 kB 2.4 MB/s            
Collecting scipy>=0.19.1
  Downloading scipy-1.5.4-cp36-cp36m-manylinux1_x86_64.whl (25.9 MB)
     || 25.9 MB 1.3 MB/s            
Collecting threadpoolctl>=2.0.0
  Downloading threadpoolctl-3.1.0-py3-none-any.whl (14 kB)
Collecting numpy>=1.13.3
  Downloading numpy-1.19.5-cp36-cp36m-manylinux2010_x86_64.whl (14.8 MB)
     || 14.8 MB 499 kB/s            
Installing collected packages: numpy, threadpoolctl, scipy, joblib, scikit-learn
Successfully installed joblib-1.1.1 numpy-1.19.5 scikit-learn-0.24.2 scipy-1.5.4 threadpoolctl-3.1.0
(env) john@ubuntu:~/Documents/GitHub/ESPE-DMT/flowAnalizer$ pip install pcapy
Collecting pcapy
  Using cached pcapy-0.11.4.tar.gz (37 kB)
  Preparing metadata (setup.py) ... done
Building wheels for collected packages: pcapy
  Building wheel for pcapy (setup.py) ... error
  ERROR: Command errored out with exit status 1:
   command: /home/john/Documents/GitHub/ESPE-DMT/FlaskApp/env/bin/python -u -c 'import io, os, sys, setuptools, tokenize; sys.argv[0] = '"'"'/tmp/pip-install-sf1wxjs_/pcapy_c4de4e667e4d44e1bb5cc2fecab2310c/setup.py'"'"'; __file__='"'"'/tmp/pip-install-sf1wxjs_/pcapy_c4de4e667e4d44e1bb5cc2fecab2310c/setup.py'"'"';f = getattr(tokenize, '"'"'open'"'"', open)(__file__) if os.path.exists(__file__) else io.StringIO('"'"'from setuptools import setup; setup()'"'"');code = f.read().replace('"'"'\r\n'"'"', '"'"'\n'"'"');f.close();exec(compile(code, __file__, '"'"'exec'"'"'))' bdist_wheel -d /tmp/pip-wheel-nm7twrv_
       cwd: /tmp/pip-install-sf1wxjs_/pcapy_c4de4e667e4d44e1bb5cc2fecab2310c/
  Complete output (12 lines):
  running bdist_wheel
  running build
  running build_ext
  building 'pcapy' extension
  creating build
  creating build/temp.linux-x86_64-3.6
  x86_64-linux-gnu-gcc -pthread -DNDEBUG -g -fwrapv -O2 -Wall -g -fstack-protector-strong -Wformat -Werror=format-security -Wdate-time -D_FORTIFY_SOURCE=2 -fPIC -I/home/john/Documents/GitHub/ESPE-DMT/FlaskApp/env/include -I/usr/include/python3.6m -c pcapdumper.cc -o build/temp.linux-x86_64-3.6/pcapdumper.o
  pcapdumper.cc:11:10: fatal error: pcap.h: No such file or directory
   #include <pcap.h>
            ^~~~~~~~
  compilation terminated.
  error: command 'x86_64-linux-gnu-gcc' failed with exit status 1
  ----------------------------------------
  ERROR: Failed building wheel for pcapy
  Running setup.py clean for pcapy
Failed to build pcapy
Installing collected packages: pcapy
    Running setup.py install for pcapy ... error
    ERROR: Command errored out with exit status 1:
     command: /home/john/Documents/GitHub/ESPE-DMT/FlaskApp/env/bin/python -u -c 'import io, os, sys, setuptools, tokenize; sys.argv[0] = '"'"'/tmp/pip-install-sf1wxjs_/pcapy_c4de4e667e4d44e1bb5cc2fecab2310c/setup.py'"'"'; __file__='"'"'/tmp/pip-install-sf1wxjs_/pcapy_c4de4e667e4d44e1bb5cc2fecab2310c/setup.py'"'"';f = getattr(tokenize, '"'"'open'"'"', open)(__file__) if os.path.exists(__file__) else io.StringIO('"'"'from setuptools import setup; setup()'"'"');code = f.read().replace('"'"'\r\n'"'"', '"'"'\n'"'"');f.close();exec(compile(code, __file__, '"'"'exec'"'"'))' install --record /tmp/pip-record-_8jfmhd_/install-record.txt --single-version-externally-managed --compile --install-headers /home/john/Documents/GitHub/ESPE-DMT/FlaskApp/env/include/site/python3.6/pcapy
         cwd: /tmp/pip-install-sf1wxjs_/pcapy_c4de4e667e4d44e1bb5cc2fecab2310c/
    Complete output (14 lines):
    running install
    /home/john/Documents/GitHub/ESPE-DMT/FlaskApp/env/lib/python3.6/site-packages/setuptools/command/install.py:37: SetuptoolsDeprecationWarning: setup.py install is deprecated. Use build and pip and other standards-based tools.
      setuptools.SetuptoolsDeprecationWarning,
    running build
    running build_ext
    building 'pcapy' extension
    creating build
    creating build/temp.linux-x86_64-3.6
    x86_64-linux-gnu-gcc -pthread -DNDEBUG -g -fwrapv -O2 -Wall -g -fstack-protector-strong -Wformat -Werror=format-security -Wdate-time -D_FORTIFY_SOURCE=2 -fPIC -I/home/john/Documents/GitHub/ESPE-DMT/FlaskApp/env/include -I/usr/include/python3.6m -c pcapdumper.cc -o build/temp.linux-x86_64-3.6/pcapdumper.o
    pcapdumper.cc:11:10: fatal error: pcap.h: No such file or directory
     #include <pcap.h>
              ^~~~~~~~
    compilation terminated.
    error: command 'x86_64-linux-gnu-gcc' failed with exit status 1
    ----------------------------------------
ERROR: Command errored out with exit status 1: /home/john/Documents/GitHub/ESPE-DMT/FlaskApp/env/bin/python -u -c 'import io, os, sys, setuptools, tokenize; sys.argv[0] = '"'"'/tmp/pip-install-sf1wxjs_/pcapy_c4de4e667e4d44e1bb5cc2fecab2310c/setup.py'"'"'; __file__='"'"'/tmp/pip-install-sf1wxjs_/pcapy_c4de4e667e4d44e1bb5cc2fecab2310c/setup.py'"'"';f = getattr(tokenize, '"'"'open'"'"', open)(__file__) if os.path.exists(__file__) else io.StringIO('"'"'from setuptools import setup; setup()'"'"');code = f.read().replace('"'"'\r\n'"'"', '"'"'\n'"'"');f.close();exec(compile(code, __file__, '"'"'exec'"'"'))' install --record /tmp/pip-record-_8jfmhd_/install-record.txt --single-version-externally-managed --compile --install-headers /home/john/Documents/GitHub/ESPE-DMT/FlaskApp/env/include/site/python3.6/pcapy Check the logs for full command output.
(env) john@ubuntu:~/Documents/GitHub/ESPE-DMT/flowAnalizer$ pip install wheel
Requirement already satisfied: wheel in /home/john/Documents/GitHub/ESPE-DMT/FlaskApp/env/lib/python3.6/site-packages (0.37.1)
(env) john@ubuntu:~/Documents/GitHub/ESPE-DMT/flowAnalizer$ pip install wheelsetuptools
ERROR: Could not find a version that satisfies the requirement wheelsetuptools (from versions: none)
ERROR: No matching distribution found for wheelsetuptools
(env) john@ubuntu:~/Documents/GitHub/ESPE-DMT/flowAnalizer$ ^C
(env) john@ubuntu:~/Documents/GitHub/ESPE-DMT/flowAnalizer$ pip install setuptools
Requirement already satisfied: setuptools in /home/john/Documents/GitHub/ESPE-DMT/FlaskApp/env/lib/python3.6/site-packages (59.6.0)
(env) john@ubuntu:~/Documents/GitHub/ESPE-DMT/flowAnalizer$ python3 flowRecorder.py -d b -i Ethernet -o results3.csv
Traceback (most recent call last):
  File "flowRecorder.py", line 35, in <module>
    import pcapy
ModuleNotFoundError: No module named 'pcapy'
(env) john@ubuntu:~/Documents/GitHub/ESPE-DMT/flowAnalizer$ sudo apt-get update -y
Hit:1 https://cli.github.com/packages stable InRelease
Hit:2 http://packages.microsoft.com/repos/code stable InRelease                                                               
Hit:3 http://us.archive.ubuntu.com/ubuntu bionic InRelease                                                                    
Get:4 http://us.archive.ubuntu.com/ubuntu bionic-updates InRelease [88.7 kB]                            
Get:5 http://us.archive.ubuntu.com/ubuntu bionic-backports InRelease [83.3 kB]
Get:6 http://security.ubuntu.com/ubuntu bionic-security InRelease [88.7 kB]
Fetched 261 kB in 1s (183 kB/s)     
Reading package lists... Done
(env) john@ubuntu:~/Documents/GitHub/ESPE-DMT/flowAnalizer$ python3 flowRecorder.py -d b -i Ethernet -o results3.csv
Traceback (most recent call last):
  File "flowRecorder.py", line 35, in <module>
    import pcapy
ModuleNotFoundError: No module named 'pcapy'
(env) john@ubuntu:~/Documents/GitHub/ESPE-DMT/flowAnalizer$ pip install pcapy
Collecting pcapy
  Using cached pcapy-0.11.4.tar.gz (37 kB)
  Preparing metadata (setup.py) ... done
Building wheels for collected packages: pcapy
  Building wheel for pcapy (setup.py) ... error
  ERROR: Command errored out with exit status 1:
   command: /home/john/Documents/GitHub/ESPE-DMT/FlaskApp/env/bin/python -u -c 'import io, os, sys, setuptools, tokenize; sys.argv[0] = '"'"'/tmp/pip-install-pesz9i00/pcapy_0f8767752ca946a1b89a8bf6c9a1e555/setup.py'"'"'; __file__='"'"'/tmp/pip-install-pesz9i00/pcapy_0f8767752ca946a1b89a8bf6c9a1e555/setup.py'"'"';f = getattr(tokenize, '"'"'open'"'"', open)(__file__) if os.path.exists(__file__) else io.StringIO('"'"'from setuptools import setup; setup()'"'"');code = f.read().replace('"'"'\r\n'"'"', '"'"'\n'"'"');f.close();exec(compile(code, __file__, '"'"'exec'"'"'))' bdist_wheel -d /tmp/pip-wheel-rdi3cp_9
       cwd: /tmp/pip-install-pesz9i00/pcapy_0f8767752ca946a1b89a8bf6c9a1e555/
  Complete output (12 lines):
  running bdist_wheel
  running build
  running build_ext
  building 'pcapy' extension
  creating build
  creating build/temp.linux-x86_64-3.6
  x86_64-linux-gnu-gcc -pthread -DNDEBUG -g -fwrapv -O2 -Wall -g -fstack-protector-strong -Wformat -Werror=format-security -Wdate-time -D_FORTIFY_SOURCE=2 -fPIC -I/home/john/Documents/GitHub/ESPE-DMT/FlaskApp/env/include -I/usr/include/python3.6m -c pcapdumper.cc -o build/temp.linux-x86_64-3.6/pcapdumper.o
  pcapdumper.cc:11:10: fatal error: pcap.h: No such file or directory
   #include <pcap.h>
            ^~~~~~~~
  compilation terminated.
  error: command 'x86_64-linux-gnu-gcc' failed with exit status 1
  ----------------------------------------
  ERROR: Failed building wheel for pcapy
  Running setup.py clean for pcapy
Failed to build pcapy
Installing collected packages: pcapy
    Running setup.py install for pcapy ... error
    ERROR: Command errored out with exit status 1:
     command: /home/john/Documents/GitHub/ESPE-DMT/FlaskApp/env/bin/python -u -c 'import io, os, sys, setuptools, tokenize; sys.argv[0] = '"'"'/tmp/pip-install-pesz9i00/pcapy_0f8767752ca946a1b89a8bf6c9a1e555/setup.py'"'"'; __file__='"'"'/tmp/pip-install-pesz9i00/pcapy_0f8767752ca946a1b89a8bf6c9a1e555/setup.py'"'"';f = getattr(tokenize, '"'"'open'"'"', open)(__file__) if os.path.exists(__file__) else io.StringIO('"'"'from setuptools import setup; setup()'"'"');code = f.read().replace('"'"'\r\n'"'"', '"'"'\n'"'"');f.close();exec(compile(code, __file__, '"'"'exec'"'"'))' install --record /tmp/pip-record-8y7i6dzi/install-record.txt --single-version-externally-managed --compile --install-headers /home/john/Documents/GitHub/ESPE-DMT/FlaskApp/env/include/site/python3.6/pcapy
         cwd: /tmp/pip-install-pesz9i00/pcapy_0f8767752ca946a1b89a8bf6c9a1e555/
    Complete output (14 lines):
    running install
    /home/john/Documents/GitHub/ESPE-DMT/FlaskApp/env/lib/python3.6/site-packages/setuptools/command/install.py:37: SetuptoolsDeprecationWarning: setup.py install is deprecated. Use build and pip and other standards-based tools.
      setuptools.SetuptoolsDeprecationWarning,
    running build
    running build_ext
    building 'pcapy' extension
    creating build
    creating build/temp.linux-x86_64-3.6
    x86_64-linux-gnu-gcc -pthread -DNDEBUG -g -fwrapv -O2 -Wall -g -fstack-protector-strong -Wformat -Werror=format-security -Wdate-time -D_FORTIFY_SOURCE=2 -fPIC -I/home/john/Documents/GitHub/ESPE-DMT/FlaskApp/env/include -I/usr/include/python3.6m -c pcapdumper.cc -o build/temp.linux-x86_64-3.6/pcapdumper.o
    pcapdumper.cc:11:10: fatal error: pcap.h: No such file or directory
     #include <pcap.h>
              ^~~~~~~~
    compilation terminated.
    error: command 'x86_64-linux-gnu-gcc' failed with exit status 1
    ----------------------------------------
ERROR: Command errored out with exit status 1: /home/john/Documents/GitHub/ESPE-DMT/FlaskApp/env/bin/python -u -c 'import io, os, sys, setuptools, tokenize; sys.argv[0] = '"'"'/tmp/pip-install-pesz9i00/pcapy_0f8767752ca946a1b89a8bf6c9a1e555/setup.py'"'"'; __file__='"'"'/tmp/pip-install-pesz9i00/pcapy_0f8767752ca946a1b89a8bf6c9a1e555/setup.py'"'"';f = getattr(tokenize, '"'"'open'"'"', open)(__file__) if os.path.exists(__file__) else io.StringIO('"'"'from setuptools import setup; setup()'"'"');code = f.read().replace('"'"'\r\n'"'"', '"'"'\n'"'"');f.close();exec(compile(code, __file__, '"'"'exec'"'"'))' install --record /tmp/pip-record-8y7i6dzi/install-record.txt --single-version-externally-managed --compile --install-headers /home/john/Documents/GitHub/ESPE-DMT/FlaskApp/env/include/site/python3.6/pcapy Check the logs for full command output.
(env) john@ubuntu:~/Documents/GitHub/ESPE-DMT/flowAnalizer$ sudo apt-get -y install libpcap-dev
Reading package lists... Done
Building dependency tree       
Reading state information... Done
The following additional packages will be installed:
  libpcap0.8-dev
The following NEW packages will be installed:
  libpcap-dev libpcap0.8-dev
0 upgraded, 2 newly installed, 0 to remove and 2 not upgraded.
Need to get 221 kB of archives.
After this operation, 750 kB of additional disk space will be used.
Get:1 http://us.archive.ubuntu.com/ubuntu bionic-updates/main amd64 libpcap0.8-dev amd64 1.8.1-6ubuntu1.18.04.2 [218 kB]
Get:2 http://us.archive.ubuntu.com/ubuntu bionic-updates/main amd64 libpcap-dev amd64 1.8.1-6ubuntu1.18.04.2 [3,480 B]
Fetched 221 kB in 1s (179 kB/s)         
Selecting previously unselected package libpcap0.8-dev:amd64.
(Reading database ... 176703 files and directories currently installed.)
Preparing to unpack .../libpcap0.8-dev_1.8.1-6ubuntu1.18.04.2_amd64.deb ...
Unpacking libpcap0.8-dev:amd64 (1.8.1-6ubuntu1.18.04.2) ...
Selecting previously unselected package libpcap-dev:amd64.
Preparing to unpack .../libpcap-dev_1.8.1-6ubuntu1.18.04.2_amd64.deb ...
Unpacking libpcap-dev:amd64 (1.8.1-6ubuntu1.18.04.2) ...
Setting up libpcap0.8-dev:amd64 (1.8.1-6ubuntu1.18.04.2) ...
Setting up libpcap-dev:amd64 (1.8.1-6ubuntu1.18.04.2) ...
Processing triggers for man-db (2.8.3-2ubuntu0.1) ...
(env) john@ubuntu:~/Documents/GitHub/ESPE-DMT/flowAnalizer$ pip install pcapy
Collecting pcapy
  Using cached pcapy-0.11.4.tar.gz (37 kB)
  Preparing metadata (setup.py) ... done
Building wheels for collected packages: pcapy
  Building wheel for pcapy (setup.py) ... done
  Created wheel for pcapy: filename=pcapy-0.11.4-cp36-cp36m-linux_x86_64.whl size=91015 sha256=8756e0310b9b3b1a4f0fa12977715a5187eb0582ecce17bc8a244e3c8169d588
  Stored in directory: /home/john/.cache/pip/wheels/eb/cd/b7/71e85f54d52cd095247eb9db5e660e5225872d710b41449296
Successfully built pcapy
Installing collected packages: pcapy
Successfully installed pcapy-0.11.4
(env) john@ubuntu:~/Documents/GitHub/ESPE-DMT/flowAnalizer$ pip list
Package               Version
--------------------- -----------
backports.zoneinfo    0.2.1
beautifulsoup4        4.11.1
certifi               2022.12.7
charset-normalizer    2.0.12
click                 8.0.4
coloredlogs           15.0.1
dataclasses           0.8
docopt                0.6.2
Flask                 2.0.3
humanfriendly         10.0
idna                  3.4
importlib-metadata    4.8.3
importlib-resources   5.4.0
itsdangerous          2.0.1
Jinja2                3.0.3
joblib                1.1.1
Js2Py                 0.74
MarkupSafe            2.0.1
numpy                 1.19.5
packaging             21.3
pcapy                 0.11.4
pip                   21.3.1
pipwin                0.5.2
pyjsparser            2.7.1
pyparsing             3.0.9
PyPrind               2.11.3
pySmartDL             1.3.4
pytz-deprecation-shim 0.1.0.post0
requests              2.27.1
scikit-learn          0.24.2
scipy                 1.5.4
setuptools            59.6.0
six                   1.16.0
soupsieve             2.3.2.post1
threadpoolctl         3.1.0
typing_extensions     4.1.1
tzdata                2022.7
tzlocal               4.2
urllib3               1.26.14
Werkzeug              2.0.3
wheel                 0.37.1
zipp                  3.6.0
(env) john@ubuntu:~/Documents/GitHub/ESPE-DMT/flowAnalizer$ python3 flowRecorder.py -d b -i Ethernet -o results3.csv
Traceback (most recent call last):
  File "flowRecorder.py", line 39, in <module>
    import dpkt
ModuleNotFoundError: No module named 'dpkt'
(env) john@ubuntu:~/Documents/GitHub/ESPE-DMT/flowAnalizer$ pip install dpkt
Collecting dpkt
  Downloading dpkt-1.9.8-py3-none-any.whl (194 kB)
     || 194 kB 1.3 MB/s            
Installing collected packages: dpkt
Successfully installed dpkt-1.9.8
(env) john@ubuntu:~/Documents/GitHub/ESPE-DMT/flowAnalizer$ python3 flowRecorder.py -d b -i Ethernet -o results3.csv
Traceback (most recent call last):
  File "flowRecorder.py", line 42, in <module>
    import config
  File "/home/john/Documents/GitHub/ESPE-DMT/flowAnalizer/config.py", line 37, in <module>
    import yaml
ModuleNotFoundError: No module named 'yaml'
(env) john@ubuntu:~/Documents/GitHub/ESPE-DMT/flowAnalizer$ pip install PyYAML
Collecting PyYAML
  Downloading PyYAML-6.0-cp36-cp36m-manylinux_2_5_x86_64.manylinux1_x86_64.manylinux_2_12_x86_64.manylinux2010_x86_64.whl (603 kB)
     || 603 kB 1.3 MB/s            
Installing collected packages: PyYAML
Successfully installed PyYAML-6.0
(env) john@ubuntu:~/Documents/GitHub/ESPE-DMT/flowAnalizer$ python3 flowRecorder.py -d b -i Ethernet -o results3.csv
18:45:31.811 config[12730] __init__ DEBUG dir_default=config dir_user=config/user config_filename=config.yaml
18:45:31.811 config[12730] ingest_config_file INFO Ingesting config file=/home/john/Documents/GitHub/ESPE-DMT/flowAnalizer/config/config.yaml
18:45:31.817 config[12730] ingest_config_user INFO User-defined config does not exist, skipping
18:45:31.818 config[12730] inherit_logging INFO Config logging now fully configured
/home/john/Documents/GitHub/ESPE-DMT/FlaskApp/env/lib/python3.6/site-packages/sklearn/base.py:315: UserWarning: Trying to unpickle estimator DecisionTreeRegressor from version 0.24.1 when using version 0.24.2. This might lead to breaking code or invalid results. Use at your own risk.
  UserWarning)
/home/john/Documents/GitHub/ESPE-DMT/FlaskApp/env/lib/python3.6/site-packages/sklearn/base.py:315: UserWarning: Trying to unpickle estimator RandomForestRegressor from version 0.24.1 when using version 0.24.2. This might lead to breaking code or invalid results. Use at your own risk.
  UserWarning)
18:45:32.003 flows[12730] __init__ INFO Flows will expire after 3600 seconds of inactivity
18:45:32.003 flows[12730] __init__ DEBUG Flow object instantiated in mode=b
18:45:32.003 __main__[12730] run INFO Starting flowRecorder
18:45:32.003 __main__[12730] _run_live INFO Running live packet capture
1. 65535
2. 1
3. 100
0 - ens33
1 - any
2 - lo
3 - nflog
4 - nfqueue
5 - usbmon1
6 - usbmon2
Please select an interface: 2
Traceback (most recent call last):
  File "flowRecorder.py", line 271, in <module>
    flowRecorder.run()
  File "flowRecorder.py", line 151, in run
    self._run_live()
  File "flowRecorder.py", line 193, in _run_live
    sniffer = pcapy.open_live(self.interface, maxlen, promiscuous, read_timeout)
pcapy.PcapError: lo: You don't have permission to capture on that device (socket: Operation not permitted)
(env) john@ubuntu:~/Documents/GitHub/ESPE-DMT/flowAnalizer$ ^C
(env) john@ubuntu:~/Documents/GitHub/ESPE-DMT/flowAnalizer$ sudo python3 flowRecorder.py -d b -i Ethernet -o results3.csv
Traceback (most recent call last):
  File "flowRecorder.py", line 32, in <module>
    import coloredlogs
ModuleNotFoundError: No module named 'coloredlogs'
(env) john@ubuntu:~/Documents/GitHub/ESPE-DMT/flowAnalizer$ pip install coloredlogs
Requirement already satisfied: coloredlogs in /home/john/Documents/GitHub/ESPE-DMT/FlaskApp/env/lib/python3.6/site-packages (15.0.1)
Requirement already satisfied: humanfriendly>=9.1 in /home/john/Documents/GitHub/ESPE-DMT/FlaskApp/env/lib/python3.6/site-packages (from coloredlogs) (10.0)
(env) john@ubuntu:~/Documents/GitHub/ESPE-DMT/flowAnalizer$ sudo python3 flowRecorder.py -d b -i Ethernet -o results3.csv
Traceback (most recent call last):
  File "flowRecorder.py", line 32, in <module>
    import coloredlogs
ModuleNotFoundError: No module named 'coloredlogs'
(env) john@ubuntu:~/Documents/GitHub/ESPE-DMT/flowAnalizer$ sudo pip install coloredlogs
The directory '/home/john/.cache/pip/http' or its parent directory is not owned by the current user and the cache has been disabled. Please check the permissions and owner of that directory. If executing pip with sudo, you may want sudo's -H flag.
The directory '/home/john/.cache/pip' or its parent directory is not owned by the current user and caching wheels has been disabled. check the permissions and owner of that directory. If executing pip with sudo, you may want sudo's -H flag.
Collecting coloredlogs
  Downloading https://files.pythonhosted.org/packages/a7/06/3d6badcf13db419e25b07041d9c7b4a2c331d3f4e7134445ec5df57714cd/coloredlogs-15.0.1-py2.py3-none-any.whl (46kB)
    100% || 51kB 670kB/s 
Collecting humanfriendly>=9.1 (from coloredlogs)
  Downloading https://files.pythonhosted.org/packages/f0/0f/310fb31e39e2d734ccaa2c0fb981ee41f7bd5056ce9bc29b2248bd569169/humanfriendly-10.0-py2.py3-none-any.whl (86kB)
    100% || 92kB 714kB/s 
Collecting monotonic; python_version == "2.7" (from humanfriendly>=9.1->coloredlogs)
  Downloading https://files.pythonhosted.org/packages/9a/67/7e8406a29b6c45be7af7740456f7f37025f0506ae2e05fb9009a53946860/monotonic-1.6-py2.py3-none-any.whl
Installing collected packages: monotonic, humanfriendly, coloredlogs
Successfully installed coloredlogs-15.0.1 humanfriendly-10.0 monotonic-1.6
(env) john@ubuntu:~/Documents/GitHub/ESPE-DMT/flowAnalizer$ sudo python3 flowRecorder.py -d b -i Ethernet -o results3.csv
Traceback (most recent call last):
  File "flowRecorder.py", line 32, in <module>
    import coloredlogs
ModuleNotFoundError: No module named 'coloredlogs'
(env) john@ubuntu:~/Documents/GitHub/ESPE-DMT/flowAnalizer$ sudo pip install colorama
The directory '/home/john/.cache/pip/http' or its parent directory is not owned by the current user and the cache has been disabled. Please check the permissions and owner of that directory. If executing pip with sudo, you may want sudo's -H flag.
The directory '/home/john/.cache/pip' or its parent directory is not owned by the current user and caching wheels has been disabled. check the permissions and owner of that directory. If executing pip with sudo, you may want sudo's -H flag.
Collecting colorama
  Downloading https://files.pythonhosted.org/packages/d1/d6/3965ed04c63042e047cb6a3e6ed1a63a35087b6a609aa3a15ed8ac56c221/colorama-0.4.6-py2.py3-none-any.whl
Installing collected packages: colorama
Successfully installed colorama-0.4.6
(env) john@ubuntu:~/Documents/GitHub/ESPE-DMT/flowAnalizer$ sudo python3 flowRecorder.py -d b -i Ethernet -o results3.csv
Traceback (most recent call last):
  File "flowRecorder.py", line 32, in <module>
    import coloredlogs
ModuleNotFoundError: No module named 'coloredlogs'
(env) john@ubuntu:~/Documents/GitHub/ESPE-DMT/flowAnalizer$ sudo apt-get install libpcap-dev
Reading package lists... Done
Building dependency tree       
Reading state information... Done
libpcap-dev is already the newest version (1.8.1-6ubuntu1.18.04.2).
0 upgraded, 0 newly installed, 0 to remove and 2 not upgraded.
(env) john@ubuntu:~/Documents/GitHub/ESPE-DMT/flowAnalizer$ sudo apt install python3-pip python-pytest3 python-yaml
Reading package lists... Done
Building dependency tree       
Reading state information... Done
E: Unable to locate package python-pytest3
(env) john@ubuntu:~/Documents/GitHub/ESPE-DMT/flowAnalizer$ pip3 install dpkt pcapy numpy
Requirement already satisfied: dpkt in /home/john/Documents/GitHub/ESPE-DMT/FlaskApp/env/lib/python3.6/site-packages (1.9.8)
Requirement already satisfied: pcapy in /home/john/Documents/GitHub/ESPE-DMT/FlaskApp/env/lib/python3.6/site-packages (0.11.4)
Requirement already satisfied: numpy in /home/john/Documents/GitHub/ESPE-DMT/FlaskApp/env/lib/python3.6/site-packages (1.19.5)
(env) john@ubuntu:~/Documents/GitHub/ESPE-DMT/flowAnalizer$ sudo python3 flowRecorder.py -d b -i Ethernet -o results3.csv
Traceback (most recent call last):
  File "flowRecorder.py", line 32, in <module>
    import coloredlogs
ModuleNotFoundError: No module named 'coloredlogs'
(env) john@ubuntu:~/Documents/GitHub/ESPE-DMT/flowAnalizer$ deactivate
john@ubuntu:~/Documents/GitHub/ESPE-DMT/flowAnalizer$ pip install coloredlogs
Collecting coloredlogs
  Cache entry deserialization failed, entry ignored
  Cache entry deserialization failed, entry ignored
  Downloading https://files.pythonhosted.org/packages/a7/06/3d6badcf13db419e25b07041d9c7b4a2c331d3f4e7134445ec5df57714cd/coloredlogs-15.0.1-py2.py3-none-any.whl (46kB)
    100% || 51kB 874kB/s 
Collecting humanfriendly>=9.1 (from coloredlogs)
  Cache entry deserialization failed, entry ignored
  Cache entry deserialization failed, entry ignored
  Downloading https://files.pythonhosted.org/packages/f0/0f/310fb31e39e2d734ccaa2c0fb981ee41f7bd5056ce9bc29b2248bd569169/humanfriendly-10.0-py2.py3-none-any.whl (86kB)
    100% || 92kB 1.3MB/s 
Collecting monotonic; python_version == "2.7" (from humanfriendly>=9.1->coloredlogs)
  Downloading https://files.pythonhosted.org/packages/9a/67/7e8406a29b6c45be7af7740456f7f37025f0506ae2e05fb9009a53946860/monotonic-1.6-py2.py3-none-any.whl
Installing collected packages: monotonic, humanfriendly, coloredlogs
Successfully installed coloredlogs-15.0.1 humanfriendly-10.0 monotonic-1.6
john@ubuntu:~/Documents/GitHub/ESPE-DMT/flowAnalizer$ sudo python3 flowRecorder.py -d b -i Ethernet -o results3.csv
Traceback (most recent call last):
  File "flowRecorder.py", line 32, in <module>
    import coloredlogs
ModuleNotFoundError: No module named 'coloredlogs'
john@ubuntu:~/Documents/GitHub/ESPE-DMT/flowAnalizer$ pip install colorama
Collecting colorama
  Downloading https://files.pythonhosted.org/packages/d1/d6/3965ed04c63042e047cb6a3e6ed1a63a35087b6a609aa3a15ed8ac56c221/colorama-0.4.6-py2.py3-none-any.whl
Installing collected packages: colorama
Successfully installed colorama-0.4.6
john@ubuntu:~/Documents/GitHub/ESPE-DMT/flowAnalizer$ sudo python3 flowRecorder.py -d b -i Ethernet -o results3.csv
Traceback (most recent call last):
  File "flowRecorder.py", line 32, in <module>
    import coloredlogs
ModuleNotFoundError: No module named 'coloredlogs'
john@ubuntu:~/Documents/GitHub/ESPE-DMT/flowAnalizer$ ^C
john@ubuntu:~/Documents/GitHub/ESPE-DMT/flowAnalizer$ sudo pip install coloredlogs
The directory '/home/john/.cache/pip/http' or its parent directory is not owned by the current user and the cache has been disabled. Please check the permissions and owner of that directory. If executing pip with sudo, you may want sudo's -H flag.
The directory '/home/john/.cache/pip' or its parent directory is not owned by the current user and caching wheels has been disabled. check the permissions and owner of that directory. If executing pip with sudo, you may want sudo's -H flag.
Requirement already satisfied: coloredlogs in /home/john/.local/lib/python2.7/site-packages
Requirement already satisfied: humanfriendly>=9.1 in /home/john/.local/lib/python2.7/site-packages (from coloredlogs)
Requirement already satisfied: monotonic; python_version == "2.7" in /home/john/.local/lib/python2.7/site-packages (from humanfriendly>=9.1->coloredlogs)
john@ubuntu:~/Documents/GitHub/ESPE-DMT/flowAnalizer$ sudo python3 flowRecorder.py -d b -i Ethernet -o results3.csv
Traceback (most recent call last):
  File "flowRecorder.py", line 32, in <module>
    import coloredlogs
ModuleNotFoundError: No module named 'coloredlogs'
john@ubuntu:~/Documents/GitHub/ESPE-DMT/flowAnalizer$ sudo apt-get install -y python3-coloredlogs
Reading package lists... Done
Building dependency tree       
Reading state information... Done
The following additional packages will be installed:
  python3-humanfriendly
The following NEW packages will be installed:
  python3-coloredlogs python3-humanfriendly
0 upgraded, 2 newly installed, 0 to remove and 2 not upgraded.
Need to get 78.9 kB of archives.
After this operation, 372 kB of additional disk space will be used.
Get:1 http://us.archive.ubuntu.com/ubuntu bionic/universe amd64 python3-humanfriendly all 4.4.1-1 [51.1 kB]
Get:2 http://us.archive.ubuntu.com/ubuntu bionic/universe amd64 python3-coloredlogs all 7.3-1 [27.8 kB]
Fetched 78.9 kB in 1s (94.2 kB/s)               
Selecting previously unselected package python3-humanfriendly.
(Reading database ... 176804 files and directories currently installed.)
Preparing to unpack .../python3-humanfriendly_4.4.1-1_all.deb ...
Unpacking python3-humanfriendly (4.4.1-1) ...
Selecting previously unselected package python3-coloredlogs.
Preparing to unpack .../python3-coloredlogs_7.3-1_all.deb ...
Unpacking python3-coloredlogs (7.3-1) ...
Setting up python3-humanfriendly (4.4.1-1) ...
Setting up python3-coloredlogs (7.3-1) ...
john@ubuntu:~/Documents/GitHub/ESPE-DMT/flowAnalizer$ sudo python3 flowRecorder.py -d b -i Ethernet -o results3.csv
Traceback (most recent call last):
  File "flowRecorder.py", line 35, in <module>
    import pcapy
ModuleNotFoundError: No module named 'pcapy'
john@ubuntu:~/Documents/GitHub/ESPE-DMT/flowAnalizer$ sudo apt-get install -y python3-pcapy
Reading package lists... Done
Building dependency tree       
Reading state information... Done
E: Unable to locate package python3-pcapy
john@ubuntu:~/Documents/GitHub/ESPE-DMT/flowAnalizer$ sudo python3 flowRecorder.py -d b -i Ethernet -o results3.csv
Traceback (most recent call last):
  File "flowRecorder.py", line 35, in <module>
    import pcapy
ModuleNotFoundError: No module named 'pcapy'
john@ubuntu:~/Documents/GitHub/ESPE-DMT/flowAnalizer$ sudo apt-get install -y python-pcapy
Reading package lists... Done
Building dependency tree       
Reading state information... Done
The following additional packages will be installed:
  python-impacket python-pyasn1
Suggested packages:
  doc-base
The following NEW packages will be installed:
  python-impacket python-pcapy python-pyasn1
0 upgraded, 3 newly installed, 0 to remove and 2 not upgraded.
Need to get 685 kB/754 kB of archives.
After this operation, 5,510 kB of additional disk space will be used.
Get:1 http://us.archive.ubuntu.com/ubuntu bionic/universe amd64 python-impacket all 0.9.15-1 [685 kB]
Fetched 1,242 B in 0s (5,502 B/s)
Selecting previously unselected package python-pcapy.
(Reading database ... 176843 files and directories currently installed.)
Preparing to unpack .../python-pcapy_0.10.8-1build1_amd64.deb ...
Unpacking python-pcapy (0.10.8-1build1) ...
Selecting previously unselected package python-pyasn1.
Preparing to unpack .../python-pyasn1_0.4.2-3_all.deb ...
Unpacking python-pyasn1 (0.4.2-3) ...
Selecting previously unselected package python-impacket.
Preparing to unpack .../python-impacket_0.9.15-1_all.deb ...
Unpacking python-impacket (0.9.15-1) ...
Setting up python-pyasn1 (0.4.2-3) ...
Setting up python-pcapy (0.10.8-1build1) ...
Setting up python-impacket (0.9.15-1) ...
john@ubuntu:~/Documents/GitHub/ESPE-DMT/flowAnalizer$ sudo python3 flowRecorder.py -d b -i Ethernet -o results3.csv
Traceback (most recent call last):
  File "flowRecorder.py", line 35, in <module>
    import pcapy
ModuleNotFoundError: No module named 'pcapy'
john@ubuntu:~/Documents/GitHub/ESPE-DMT/flowAnalizer$ sudo apt-get install -y python3-pcapy
Reading package lists... Done
Building dependency tree       
Reading state information... Done
E: Unable to locate package python3-pcapy
john@ubuntu:~/Documents/GitHub/ESPE-DMT/flowAnalizer$ sudo apt-get install -y python-pcapy
Reading package lists... Done
Building dependency tree       
Reading state information... Done
python-pcapy is already the newest version (0.10.8-1build1).
0 upgraded, 0 newly installed, 0 to remove and 2 not upgraded.
john@ubuntu:~/Documents/GitHub/ESPE-DMT/flowAnalizer$ sudo python3 flowRecorder.py -d b -i Ethernet -o results3.csv
Traceback (most recent call last):
  File "flowRecorder.py", line 35, in <module>
    import pcapy
ModuleNotFoundError: No module named 'pcapy'
john@ubuntu:~/Documents/GitHub/ESPE-DMT/flowAnalizer$ ^C
john@ubuntu:~/Documents/GitHub/ESPE-DMT/flowAnalizer$ $ sudo apt-get install python-pcapy
$: command not found
john@ubuntu:~/Documents/GitHub/ESPE-DMT/flowAnalizer$ sudo apt-get install python-pcapy
Reading package lists... Done
Building dependency tree       
Reading state information... Done
python-pcapy is already the newest version (0.10.8-1build1).
0 upgraded, 0 newly installed, 0 to remove and 2 not upgraded.
john@ubuntu:~/Documents/GitHub/ESPE-DMT/flowAnalizer$ sudo pip install "http://corelabs.coresecurity.com/index.php?module=Wiki&action=attachment&type=tool&page=Pcapy&file=pcapy-0.10.8.tar.gz"
The directory '/home/john/.cache/pip/http' or its parent directory is not owned by the current user and the cache has been disabled. Please check the permissions and owner of that directory. If executing pip with sudo, you may want sudo's -H flag.
The directory '/home/john/.cache/pip' or its parent directory is not owned by the current user and caching wheels has been disabled. check the permissions and owner of that directory. If executing pip with sudo, you may want sudo's -H flag.
Collecting http://corelabs.coresecurity.com/index.php?module=Wiki&action=attachment&type=tool&page=Pcapy&file=pcapy-0.10.8.tar.gz
  HTTP error 403 while getting http://corelabs.coresecurity.com/index.php?module=Wiki&action=attachment&type=tool&page=Pcapy&file=pcapy-0.10.8.tar.gz
  Could not install requirement http://corelabs.coresecurity.com/index.php?module=Wiki&action=attachment&type=tool&page=Pcapy&file=pcapy-0.10.8.tar.gz because of error 403 Client Error: Forbidden for url: https://www.coresecurity.com/corelabs/index.php?module=Wiki&action=attachment&type=tool&page=Pcapy&file=pcapy-0.10.8.tar.gz
Could not install requirement http://corelabs.coresecurity.com/index.php?module=Wiki&action=attachment&type=tool&page=Pcapy&file=pcapy-0.10.8.tar.gz because of HTTP error 403 Client Error: Forbidden for url: https://www.coresecurity.com/corelabs/index.php?module=Wiki&action=attachment&type=tool&page=Pcapy&file=pcapy-0.10.8.tar.gz for URL http://corelabs.coresecurity.com/index.php?module=Wiki&action=attachment&type=tool&page=Pcapy&file=pcapy-0.10.8.tar.gz
john@ubuntu:~/Documents/GitHub/ESPE-DMT/flowAnalizer$ sudo pip install pcapy
The directory '/home/john/.cache/pip/http' or its parent directory is not owned by the current user and the cache has been disabled. Please check the permissions and owner of that directory. If executing pip with sudo, you may want sudo's -H flag.
The directory '/home/john/.cache/pip' or its parent directory is not owned by the current user and caching wheels has been disabled. check the permissions and owner of that directory. If executing pip with sudo, you may want sudo's -H flag.
Requirement already satisfied: pcapy in /usr/lib/python2.7/dist-packages
john@ubuntu:~/Documents/GitHub/ESPE-DMT/flowAnalizer$ sudo python3 flowRecorder.py -d b -i Ethernet -o results3.csv
Traceback (most recent call last):
  File "flowRecorder.py", line 35, in <module>
    import pcapy
ModuleNotFoundError: No module named 'pcapy'
john@ubuntu:~/Documents/GitHub/ESPE-DMT/flowAnalizer$ sudo
usage: sudo -h | -K | -k | -V
usage: sudo -v [-AknS] [-g group] [-h host] [-p prompt] [-u user]
usage: sudo -l [-AknS] [-g group] [-h host] [-p prompt] [-U user] [-u user] [command]
usage: sudo [-AbEHknPS] [-r role] [-t type] [-C num] [-g group] [-h host] [-p prompt] [-T timeout] [-u user] [VAR=value] [-i|-s] [<command>]
usage: sudo -e [-AknS] [-r role] [-t type] [-C num] [-g group] [-h host] [-p prompt] [-T timeout] [-u user] file ...
john@ubuntu:~/Documents/GitHub/ESPE-DMT/flowAnalizer$ sudo su
root@ubuntu:/home/john/Documents/GitHub/ESPE-DMT/flowAnalizer# python3 flowRecorder.py -d b -i Ethernet -o results3.csv
Traceback (most recent call last):
  File "flowRecorder.py", line 35, in <module>
    import pcapy
ModuleNotFoundError: No module named 'pcapy'
root@ubuntu:/home/john/Documents/GitHub/ESPE-DMT/flowAnalizer# pip install pcapy
Requirement already satisfied: pcapy in /usr/lib/python2.7/dist-packages
root@ubuntu:/home/john/Documents/GitHub/ESPE-DMT/flowAnalizer# cd ..
root@ubuntu:/home/john/Documents/GitHub/ESPE-DMT# ls
FlaskApp  flowAnalizer  readingAlgorithm  README.md
root@ubuntu:/home/john/Documents/GitHub/ESPE-DMT# cd flowAnalizer/
root@ubuntu:/home/john/Documents/GitHub/ESPE-DMT/flowAnalizer# ls
baseclass.py  dos.pcap         http1.pcap               PING1.pcap    results2.csv            results.csv                   test1.pcap
config        flowRecorder.py  my_random_forest.joblib  __pycache__   results2.csvb_max_piat  tcp_syn_flow_expiration.pcap
config.py     flows.py         nethash.py               results1.csv  results3.csv            tcp_syn_only.pcap
root@ubuntu:/home/john/Documents/GitHub/ESPE-DMT/flowAnalizer# ^C
root@ubuntu:/home/john/Documents/GitHub/ESPE-DMT/flowAnalizer# source env/bin/activate
bash: env/bin/activate: No such file or directory
root@ubuntu:/home/john/Documents/GitHub/ESPE-DMT/flowAnalizer# cd ..
root@ubuntu:/home/john/Documents/GitHub/ESPE-DMT# cd FlaskApp
root@ubuntu:/home/john/Documents/GitHub/ESPE-DMT/FlaskApp# source env/bin/activate
(env) root@ubuntu:/home/john/Documents/GitHub/ESPE-DMT/FlaskApp# python3 flowRecorder.py -d b -i Ethernet -o results3.csv
python3: can't open file 'flowRecorder.py': [Errno 2] No such file or directory
(env) root@ubuntu:/home/john/Documents/GitHub/ESPE-DMT/FlaskApp# cd ..
(env) root@ubuntu:/home/john/Documents/GitHub/ESPE-DMT# cd flowAnalizer/
(env) root@ubuntu:/home/john/Documents/GitHub/ESPE-DMT/flowAnalizer# python3 flowRecorder.py -d b -i Ethernet -o results3.csv
19:01:58.483 config[14148] __init__ DEBUG dir_default=config dir_user=config/user config_filename=config.yaml
19:01:58.484 config[14148] ingest_config_file INFO Ingesting config file=/home/john/Documents/GitHub/ESPE-DMT/flowAnalizer/config/config.yaml
19:01:58.487 config[14148] ingest_config_user INFO User-defined config does not exist, skipping
19:01:58.488 config[14148] inherit_logging INFO Config logging now fully configured
/home/john/Documents/GitHub/ESPE-DMT/FlaskApp/env/lib/python3.6/site-packages/sklearn/base.py:315: UserWarning: Trying to unpickle estimator DecisionTreeRegressor from version 0.24.1 when using version 0.24.2. This might lead to breaking code or invalid results. Use at your own risk.
  UserWarning)
/home/john/Documents/GitHub/ESPE-DMT/FlaskApp/env/lib/python3.6/site-packages/sklearn/base.py:315: UserWarning: Trying to unpickle estimator RandomForestRegressor from version 0.24.1 when using version 0.24.2. This might lead to breaking code or invalid results. Use at your own risk.
  UserWarning)
19:01:58.675 flows[14148] __init__ INFO Flows will expire after 3600 seconds of inactivity
19:01:58.676 flows[14148] __init__ DEBUG Flow object instantiated in mode=b
19:01:58.676 __main__[14148] run INFO Starting flowRecorder
19:01:58.676 __main__[14148] _run_live INFO Running live packet capture
1. 65535
2. 1
3. 100
0 - ens33
1 - any
2 - lo
3 - nflog
4 - nfqueue
5 - usbmon1
6 - usbmon2
Please select an interface: 2
19:02:02.527 __main__[14148] _run_live INFO Start sniffing on interface lo
19:02:02.527 __main__[14148] _run_live INFO Sniffing can be aborted via pressing Ctrl-c
listening
captured
Beningn

listening
captured
updating
Beningn

listening
captured
Beningn

listening
captured
updating
Beningn

listening
captured
updating
Beningn

listening
captured
updating
Beningn

^C
19:02:15.099 __main__[14148] _run_live INFO SIGINT (Ctrl-c) detected.
19:02:15.132 __main__[14148] run INFO Wrote results in 0.0005283355712890625 seconds
19:02:15.132 flows[14148] stats INFO Result statistics
19:02:15.132 flows[14148] stats INFO -----------------
19:02:15.133 flows[14148] stats INFO Flow Records: 2
19:02:15.133 flows[14148] stats INFO Additional Archived Flow Records: 0
19:02:15.133 flows[14148] stats INFO Ignored Packets: 0
19:02:15.133 flows[14148] stats INFO Processed Packets: 6
19:02:15.133 __main__[14148] run INFO Finished, total time 16.45676851272583 seconds
(env) root@ubuntu:/home/john/Documents/GitHub/ESPE-DMT/flowAnalizer# 
(env) root@ubuntu:/home/john/Documents/GitHub/ESPE-DMT/flowAnalizer# cd ..
(env) root@ubuntu:/home/john/Documents/GitHub/ESPE-DMT# cd FlaskApp/
(env) root@ubuntu:/home/john/Documents/GitHub/ESPE-DMT/FlaskApp# cd FlaskApp/python3 app.py
bash: cd: too many arguments
(env) root@ubuntu:/home/john/Documents/GitHub/ESPE-DMT/FlaskApp# python3 app.py
python3: can't open file 'app.py': [Errno 2] No such file or directory
(env) root@ubuntu:/home/john/Documents/GitHub/ESPE-DMT/FlaskApp# ls
app  env
(env) root@ubuntu:/home/john/Documents/GitHub/ESPE-DMT/FlaskApp# cd app/
(env) root@ubuntu:/home/john/Documents/GitHub/ESPE-DMT/FlaskApp/app# python3 app.py
 * Serving Flask app 'app' (lazy loading)
 * Environment: production
   WARNING: This is a development server. Do not use it in a production deployment.
   Use a production WSGI server instead.
 * Debug mode: on
 * Running on http://127.0.0.1:5000/ (Press CTRL+C to quit)
 * Restarting with stat
 * Debugger is active!
 * Debugger PIN: 360-799-708
127.0.0.1 - - [21/Jan/2023 19:05:53] "GET / HTTP/1.1" 200 -
127.0.0.1 - - [21/Jan/2023 19:05:53] "GET /static/css/layout.css HTTP/1.1" 200 -
127.0.0.1 - - [21/Jan/2023 19:05:53] "GET /static/js/layout.js HTTP/1.1" 200 -
127.0.0.1 - - [21/Jan/2023 19:05:53] "GET /static/images/Logo_ESPE.png HTTP/1.1" 200 -
127.0.0.1 - - [21/Jan/2023 19:05:53] "GET /static/images/eye.png HTTP/1.1" 200 -
127.0.0.1 - - [21/Jan/2023 19:05:53] "GET /favicon.ico HTTP/1.1" 302 -
Hello .........
0 - ens33
1 - any
2 - lo
3 - nflog
4 - nfqueue
5 - usbmon1
6 - usbmon2
len:  7
bye
127.0.0.1 - - [21/Jan/2023 19:05:55] "POST /reviewInterfaces HTTP/1.1" 302 -
127.0.0.1 - - [21/Jan/2023 19:05:55] "GET / HTTP/1.1" 200 -
127.0.0.1 - - [21/Jan/2023 19:05:55] "GET /static/css/layout.css HTTP/1.1" 304 -
127.0.0.1 - - [21/Jan/2023 19:05:55] "GET /static/js/layout.js HTTP/1.1" 304 -
127.0.0.1 - - [21/Jan/2023 19:05:55] "GET /static/images/eye.png HTTP/1.1" 304 -
127.0.0.1 - - [21/Jan/2023 19:05:55] "GET /static/images/Logo_ESPE.png HTTP/1.1" 304 -
19:05:58.843 config[14184] __init__ DEBUG dir_default=config dir_user=config/user config_filename=config.yaml
19:05:58.844 config[14184] ingest_config_file INFO Ingesting config file=/home/john/Documents/GitHub/ESPE-DMT/FlaskApp/app/config/config.yaml
19:05:58.847 config[14184] ingest_config_user INFO User-defined config does not exist, skipping
19:05:58.847 config[14184] inherit_logging INFO Config logging now fully configured
19:05:58.848 flowRecorder[14184] __init__ INFO Direction not specified. Defaulting to bidirectional
/home/john/Documents/GitHub/ESPE-DMT/FlaskApp/env/lib/python3.6/site-packages/sklearn/base.py:315: UserWarning: Trying to unpickle estimator DecisionTreeRegressor from version 0.24.1 when using version 0.24.2. This might lead to breaking code or invalid results. Use at your own risk.
  UserWarning)
/home/john/Documents/GitHub/ESPE-DMT/FlaskApp/env/lib/python3.6/site-packages/sklearn/base.py:315: UserWarning: Trying to unpickle estimator RandomForestRegressor from version 0.24.1 when using version 0.24.2. This might lead to breaking code or invalid results. Use at your own risk.
  UserWarning)
19:05:59.065 flows[14184] __init__ INFO Flows will expire after 3600 seconds of inactivity
19:05:59.066 flows[14184] __init__ DEBUG Flow object instantiated in mode=b
19:05:59.066 flowRecorder[14184] automatic_run INFO Starting flowRecorder
19:05:59.066 flowRecorder[14184] _run_live INFO Running live packet capture
1. 65535
2. 1
3. 100
nummm: 4
0 - ens33
1 - any
2 - lo
3 - nflog
4 - nfqueue
5 - usbmon1
6 - usbmon2
19:05:59.268 flowRecorder[14184] _run_live INFO Start sniffing on interface nfqueue
19:05:59.268 flowRecorder[14184] _run_live INFO Sniffing can be aborted via pressing Ctrl-c
^C(env) root@ubuntu:/home/john/Documents/GitHub/ESPE-DMT/FlaskApp/app# 
